# JRE version: OpenJDK Runtime Environment (8.0_202-b03) (build 1.8.0_202-release-1483-b03)
# Java VM: OpenJDK 64-Bit Server VM (25.202-b03 mixed mode windows-amd64 compressed oops)
Heap:
 PSYoungGen      total 273920K, used 167860K [0x00000000e0000000, 0x00000000fb480000, 0x0000000100000000)
  eden space 205824K, 73% used [0x00000000e0000000,0x00000000e938c9f0,0x00000000ec900000)
  from space 68096K, 24% used [0x00000000ec900000,0x00000000ed9607d8,0x00000000f0b80000)
  to   space 102400K, 0% used [0x00000000f5080000,0x00000000f5080000,0x00000000fb480000)
 ParOldGen       total 308224K, used 186276K [0x00000000a0000000, 0x00000000b2d00000, 0x00000000e0000000)
  object space 308224K, 60% used [0x00000000a0000000,0x00000000ab5e92f8,0x00000000b2d00000)
 Metaspace       used 93539K, capacity 97556K, committed 98304K, reserved 1134592K
  class space    used 11862K, capacity 12664K, committed 12800K, reserved 1048576K
GC Heap History (10 events):
Event: 5961.649 GC heap before
{Heap before GC invocations=64 (full 8):
 PSYoungGen      total 206336K, used 206064K [0x00000000e0000000, 0x00000000f3080000, 0x0000000100000000)
  eden space 199168K, 100% used [0x00000000e0000000,0x00000000ec280000,0x00000000ec280000)
  from space 7168K, 96% used [0x00000000eca00000,0x00000000ed0bc010,0x00000000ed100000)
  to   space 56320K, 0% used [0x00000000ef980000,0x00000000ef980000,0x00000000f3080000)
 ParOldGen       total 186368K, used 85587K [0x00000000a0000000, 0x00000000ab600000, 0x00000000e0000000)
  object space 186368K, 45% used [0x00000000a0000000,0x00000000a5394c08,0x00000000ab600000)
 Metaspace       used 93320K, capacity 97288K, committed 97792K, reserved 1134592K
  class space    used 11837K, capacity 12614K, committed 12800K, reserved 1048576K
Event: 5961.696 GC heap after
Heap after GC invocations=64 (full 8):
 PSYoungGen      total 257024K, used 25081K [0x00000000e0000000, 0x00000000f4500000, 0x0000000100000000)
  eden space 200704K, 0% used [0x00000000e0000000,0x00000000e0000000,0x00000000ec400000)
  from space 56320K, 44% used [0x00000000ef980000,0x00000000f11fe5d8,0x00000000f3080000)
  to   space 54784K, 0% used [0x00000000ec400000,0x00000000ec400000,0x00000000ef980000)
 ParOldGen       total 186368K, used 85595K [0x00000000a0000000, 0x00000000ab600000, 0x00000000e0000000)
  object space 186368K, 45% used [0x00000000a0000000,0x00000000a5396c08,0x00000000ab600000)
 Metaspace       used 93320K, capacity 97288K, committed 97792K, reserved 1134592K
  class space    used 11837K, capacity 12614K, committed 12800K, reserved 1048576K
}
Event: 6034.695 GC heap before
{Heap before GC invocations=65 (full 8):
 PSYoungGen      total 257024K, used 225785K [0x00000000e0000000, 0x00000000f4500000, 0x0000000100000000)
  eden space 200704K, 100% used [0x00000000e0000000,0x00000000ec400000,0x00000000ec400000)
  from space 56320K, 44% used [0x00000000ef980000,0x00000000f11fe5d8,0x00000000f3080000)
  to   space 54784K, 0% used [0x00000000ec400000,0x00000000ec400000,0x00000000ef980000)
 ParOldGen       total 186368K, used 85595K [0x00000000a0000000, 0x00000000ab600000, 0x00000000e0000000)
  object space 186368K, 45% used [0x00000000a0000000,0x00000000a5396c08,0x00000000ab600000)
 Metaspace       used 93656K, capacity 97732K, committed 98048K, reserved 1134592K
  class space    used 11883K, capacity 12704K, committed 12800K, reserved 1048576K
Event: 6034.732 GC heap after
Heap after GC invocations=65 (full 8):
 PSYoungGen      total 255488K, used 14530K [0x00000000e0000000, 0x00000000f3e80000, 0x0000000100000000)
  eden space 200704K, 0% used [0x00000000e0000000,0x00000000e0000000,0x00000000ec400000)
  from space 54784K, 26% used [0x00000000ec400000,0x00000000ed230bb0,0x00000000ef980000)
  to   space 52224K, 0% used [0x00000000f0b80000,0x00000000f0b80000,0x00000000f3e80000)
 ParOldGen       total 186368K, used 87007K [0x00000000a0000000, 0x00000000ab600000, 0x00000000e0000000)
  object space 186368K, 46% used [0x00000000a0000000,0x00000000a54f7ed0,0x00000000ab600000)
 Metaspace       used 93656K, capacity 97732K, committed 98048K, reserved 1134592K
  class space    used 11883K, capacity 12704K, committed 12800K, reserved 1048576K
}
Event: 6069.268 GC heap before
{Heap before GC invocations=66 (full 8):
 PSYoungGen      total 255488K, used 215234K [0x00000000e0000000, 0x00000000f3e80000, 0x0000000100000000)
  eden space 200704K, 100% used [0x00000000e0000000,0x00000000ec400000,0x00000000ec400000)
  from space 54784K, 26% used [0x00000000ec400000,0x00000000ed230bb0,0x00000000ef980000)
  to   space 52224K, 0% used [0x00000000f0b80000,0x00000000f0b80000,0x00000000f3e80000)
 ParOldGen       total 186368K, used 87007K [0x00000000a0000000, 0x00000000ab600000, 0x00000000e0000000)
  object space 186368K, 46% used [0x00000000a0000000,0x00000000a54f7ed0,0x00000000ab600000)
 Metaspace       used 93700K, capacity 97738K, committed 98048K, reserved 1134592K
  class space    used 11884K, capacity 12706K, committed 12800K, reserved 1048576K
Event: 6069.577 GC heap after
Heap after GC invocations=66 (full 8):
 PSYoungGen      total 258048K, used 52219K [0x00000000e0000000, 0x00000000f5f00000, 0x0000000100000000)
  eden space 205824K, 0% used [0x00000000e0000000,0x00000000e0000000,0x00000000ec900000)
  from space 52224K, 99% used [0x00000000f0b80000,0x00000000f3e7ef80,0x00000000f3e80000)
  to   space 68096K, 0% used [0x00000000ec900000,0x00000000ec900000,0x00000000f0b80000)
 ParOldGen       total 186368K, used 105385K [0x00000000a0000000, 0x00000000ab600000, 0x00000000e0000000)
  object space 186368K, 56% used [0x00000000a0000000,0x00000000a66ea600,0x00000000ab600000)
 Metaspace       used 93700K, capacity 97738K, committed 98048K, reserved 1134592K
  class space    used 11884K, capacity 12706K, committed 12800K, reserved 1048576K
}
Event: 6072.262 GC heap before
{Heap before GC invocations=67 (full 8):
 PSYoungGen      total 258048K, used 258043K [0x00000000e0000000, 0x00000000f5f00000, 0x0000000100000000)
  eden space 205824K, 100% used [0x00000000e0000000,0x00000000ec900000,0x00000000ec900000)
  from space 52224K, 99% used [0x00000000f0b80000,0x00000000f3e7ef80,0x00000000f3e80000)
  to   space 68096K, 0% used [0x00000000ec900000,0x00000000ec900000,0x00000000f0b80000)
 ParOldGen       total 186368K, used 105385K [0x00000000a0000000, 0x00000000ab600000, 0x00000000e0000000)
  object space 186368K, 56% used [0x00000000a0000000,0x00000000a66ea600,0x00000000ab600000)
 Metaspace       used 93950K, capacity 98036K, committed 98304K, reserved 1134592K
  class space    used 11905K, capacity 12744K, committed 12800K, reserved 1048576K
Event: 6072.605 GC heap after
Heap after GC invocations=67 (full 8):
 PSYoungGen      total 273920K, used 68089K [0x00000000e0000000, 0x00000000fb480000, 0x0000000100000000)
  eden space 205824K, 0% used [0x00000000e0000000,0x00000000e0000000,0x00000000ec900000)
  from space 68096K, 99% used [0x00000000ec900000,0x00000000f0b7e500,0x00000000f0b80000)
  to   space 102400K, 0% used [0x00000000f5080000,0x00000000f5080000,0x00000000fb480000)
 ParOldGen       total 186368K, used 165180K [0x00000000a0000000, 0x00000000ab600000, 0x00000000e0000000)
  object space 186368K, 88% used [0x00000000a0000000,0x00000000aa14f290,0x00000000ab600000)
 Metaspace       used 93950K, capacity 98036K, committed 98304K, reserved 1134592K
  class space    used 11905K, capacity 12744K, committed 12800K, reserved 1048576K
}
Event: 6072.605 GC heap before
{Heap before GC invocations=68 (full 9):
 PSYoungGen      total 273920K, used 68089K [0x00000000e0000000, 0x00000000fb480000, 0x0000000100000000)
  eden space 205824K, 0% used [0x00000000e0000000,0x00000000e0000000,0x00000000ec900000)
  from space 68096K, 99% used [0x00000000ec900000,0x00000000f0b7e500,0x00000000f0b80000)
  to   space 102400K, 0% used [0x00000000f5080000,0x00000000f5080000,0x00000000fb480000)
 ParOldGen       total 186368K, used 165180K [0x00000000a0000000, 0x00000000ab600000, 0x00000000e0000000)
  object space 186368K, 88% used [0x00000000a0000000,0x00000000aa14f290,0x00000000ab600000)
 Metaspace       used 93950K, capacity 98036K, committed 98304K, reserved 1134592K
  class space    used 11905K, capacity 12744K, committed 12800K, reserved 1048576K
Event: 6075.050 GC heap after
Heap after GC invocations=68 (full 9):
 PSYoungGen      total 273920K, used 16769K [0x00000000e0000000, 0x00000000fb480000, 0x0000000100000000)
  eden space 205824K, 0% used [0x00000000e0000000,0x00000000e0000000,0x00000000ec900000)
  from space 68096K, 24% used [0x00000000ec900000,0x00000000ed9607d8,0x00000000f0b80000)
  to   space 102400K, 0% used [0x00000000f5080000,0x00000000f5080000,0x00000000fb480000)
 ParOldGen       total 308224K, used 186276K [0x00000000a0000000, 0x00000000b2d00000, 0x00000000e0000000)
  object space 308224K, 60% used [0x00000000a0000000,0x00000000ab5e92f8,0x00000000b2d00000)
 Metaspace       used 93448K, capacity 97428K, committed 98304K, reserved 1134592K
  class space    used 11861K, capacity 12664K, committed 12800K, reserved 1048576K
}

