# JRE version: OpenJDK Runtime Environment (8.0_202-b03) (build 1.8.0_202-release-1483-b03)
# Java VM: OpenJDK 64-Bit Server VM (25.202-b03 mixed mode windows-amd64 compressed oops)
Heap:
 PSYoungGen      total 188416K, used 128830K [0x00000000e0000000, 0x00000000f0100000, 0x0000000100000000)
  eden space 168448K, 76% used [0x00000000e0000000,0x00000000e7dcf950,0x00000000ea480000)
  from space 19968K, 0% used [0x00000000eed80000,0x00000000eed80000,0x00000000f0100000)
  to   space 43520K, 0% used [0x00000000eac00000,0x00000000eac00000,0x00000000ed680000)
 ParOldGen       total 152576K, used 81056K [0x00000000a0000000, 0x00000000a9500000, 0x00000000e0000000)
  object space 152576K, 53% used [0x00000000a0000000,0x00000000a4f28260,0x00000000a9500000)
 Metaspace       used 75103K, capacity 77698K, committed 78976K, reserved 1118208K
  class space    used 9718K, capacity 10287K, committed 10624K, reserved 1048576K
GC Heap History (10 events):
Event: 163.723 GC heap before
{Heap before GC invocations=18 (full 3):
 PSYoungGen      total 206336K, used 203091K [0x00000000e0000000, 0x00000000ee380000, 0x0000000100000000)
  eden space 188928K, 100% used [0x00000000e0000000,0x00000000eb880000,0x00000000eb880000)
  from space 17408K, 81% used [0x00000000ed280000,0x00000000ee054ed0,0x00000000ee380000)
  to   space 22016K, 0% used [0x00000000eb880000,0x00000000eb880000,0x00000000ece00000)
 ParOldGen       total 93696K, used 34197K [0x00000000a0000000, 0x00000000a5b80000, 0x00000000e0000000)
  object space 93696K, 36% used [0x00000000a0000000,0x00000000a2165570,0x00000000a5b80000)
 Metaspace       used 64850K, capacity 67400K, committed 67456K, reserved 1107968K
  class space    used 8794K, capacity 9329K, committed 9344K, reserved 1048576K
Event: 163.779 GC heap after
Heap after GC invocations=18 (full 3):
 PSYoungGen      total 210944K, used 21975K [0x00000000e0000000, 0x00000000f1980000, 0x0000000100000000)
  eden space 188928K, 0% used [0x00000000e0000000,0x00000000e0000000,0x00000000eb880000)
  from space 22016K, 99% used [0x00000000eb880000,0x00000000ecdf5e08,0x00000000ece00000)
  to   space 25600K, 0% used [0x00000000f0080000,0x00000000f0080000,0x00000000f1980000)
 ParOldGen       total 93696K, used 34205K [0x00000000a0000000, 0x00000000a5b80000, 0x00000000e0000000)
  object space 93696K, 36% used [0x00000000a0000000,0x00000000a2167570,0x00000000a5b80000)
 Metaspace       used 64850K, capacity 67400K, committed 67456K, reserved 1107968K
  class space    used 8794K, capacity 9329K, committed 9344K, reserved 1048576K
}
Event: 10505.553 GC heap before
{Heap before GC invocations=19 (full 3):
 PSYoungGen      total 210944K, used 210903K [0x00000000e0000000, 0x00000000f1980000, 0x0000000100000000)
  eden space 188928K, 100% used [0x00000000e0000000,0x00000000eb880000,0x00000000eb880000)
  from space 22016K, 99% used [0x00000000eb880000,0x00000000ecdf5e08,0x00000000ece00000)
  to   space 25600K, 0% used [0x00000000f0080000,0x00000000f0080000,0x00000000f1980000)
 ParOldGen       total 93696K, used 34205K [0x00000000a0000000, 0x00000000a5b80000, 0x00000000e0000000)
  object space 93696K, 36% used [0x00000000a0000000,0x00000000a2167570,0x00000000a5b80000)
 Metaspace       used 72210K, capacity 75052K, committed 75264K, reserved 1114112K
  class space    used 9508K, capacity 10135K, committed 10240K, reserved 1048576K
Event: 10505.863 GC heap after
Heap after GC invocations=19 (full 3):
 PSYoungGen      total 207360K, used 25592K [0x00000000e0000000, 0x00000000f1980000, 0x0000000100000000)
  eden space 181760K, 0% used [0x00000000e0000000,0x00000000e0000000,0x00000000eb180000)
  from space 25600K, 99% used [0x00000000f0080000,0x00000000f197e038,0x00000000f1980000)
  to   space 31744K, 0% used [0x00000000edb80000,0x00000000edb80000,0x00000000efa80000)
 ParOldGen       total 93696K, used 39661K [0x00000000a0000000, 0x00000000a5b80000, 0x00000000e0000000)
  object space 93696K, 42% used [0x00000000a0000000,0x00000000a26bb4e0,0x00000000a5b80000)
 Metaspace       used 72210K, capacity 75052K, committed 75264K, reserved 1114112K
  class space    used 9508K, capacity 10135K, committed 10240K, reserved 1048576K
}
Event: 10574.556 GC heap before
{Heap before GC invocations=20 (full 3):
 PSYoungGen      total 207360K, used 207352K [0x00000000e0000000, 0x00000000f1980000, 0x0000000100000000)
  eden space 181760K, 100% used [0x00000000e0000000,0x00000000eb180000,0x00000000eb180000)
  from space 25600K, 99% used [0x00000000f0080000,0x00000000f197e038,0x00000000f1980000)
  to   space 31744K, 0% used [0x00000000edb80000,0x00000000edb80000,0x00000000efa80000)
 ParOldGen       total 93696K, used 39661K [0x00000000a0000000, 0x00000000a5b80000, 0x00000000e0000000)
  object space 93696K, 42% used [0x00000000a0000000,0x00000000a26bb4e0,0x00000000a5b80000)
 Metaspace       used 73777K, capacity 76756K, committed 76928K, reserved 1116160K
  class space    used 9665K, capacity 10309K, committed 10368K, reserved 1048576K
Event: 10574.653 GC heap after
Heap after GC invocations=20 (full 3):
 PSYoungGen      total 193536K, used 17989K [0x00000000e0000000, 0x00000000f0100000, 0x0000000100000000)
  eden space 175104K, 0% used [0x00000000e0000000,0x00000000e0000000,0x00000000eab00000)
  from space 18432K, 97% used [0x00000000edb80000,0x00000000eed11488,0x00000000eed80000)
  to   space 19968K, 0% used [0x00000000eed80000,0x00000000eed80000,0x00000000f0100000)
 ParOldGen       total 93696K, used 56405K [0x00000000a0000000, 0x00000000a5b80000, 0x00000000e0000000)
  object space 93696K, 60% used [0x00000000a0000000,0x00000000a3715690,0x00000000a5b80000)
 Metaspace       used 73777K, capacity 76756K, committed 76928K, reserved 1116160K
  class space    used 9665K, capacity 10309K, committed 10368K, reserved 1048576K
}
Event: 10603.275 GC heap before
{Heap before GC invocations=21 (full 3):
 PSYoungGen      total 193536K, used 193093K [0x00000000e0000000, 0x00000000f0100000, 0x0000000100000000)
  eden space 175104K, 100% used [0x00000000e0000000,0x00000000eab00000,0x00000000eab00000)
  from space 18432K, 97% used [0x00000000edb80000,0x00000000eed11488,0x00000000eed80000)
  to   space 19968K, 0% used [0x00000000eed80000,0x00000000eed80000,0x00000000f0100000)
 ParOldGen       total 93696K, used 56405K [0x00000000a0000000, 0x00000000a5b80000, 0x00000000e0000000)
  object space 93696K, 60% used [0x00000000a0000000,0x00000000a3715690,0x00000000a5b80000)
 Metaspace       used 75200K, capacity 78242K, committed 78336K, reserved 1118208K
  class space    used 9798K, capacity 10482K, committed 10496K, reserved 1048576K
Event: 10603.402 GC heap after
Heap after GC invocations=21 (full 3):
 PSYoungGen      total 188416K, used 19938K [0x00000000e0000000, 0x00000000f0100000, 0x0000000100000000)
  eden space 168448K, 0% used [0x00000000e0000000,0x00000000e0000000,0x00000000ea480000)
  from space 19968K, 99% used [0x00000000eed80000,0x00000000f00f89d0,0x00000000f0100000)
  to   space 43520K, 0% used [0x00000000eac00000,0x00000000eac00000,0x00000000ed680000)
 ParOldGen       total 93696K, used 85738K [0x00000000a0000000, 0x00000000a5b80000, 0x00000000e0000000)
  object space 93696K, 91% used [0x00000000a0000000,0x00000000a53ba9e8,0x00000000a5b80000)
 Metaspace       used 75200K, capacity 78242K, committed 78336K, reserved 1118208K
  class space    used 9798K, capacity 10482K, committed 10496K, reserved 1048576K
}
Event: 10603.402 GC heap before
{Heap before GC invocations=22 (full 4):
 PSYoungGen      total 188416K, used 19938K [0x00000000e0000000, 0x00000000f0100000, 0x0000000100000000)
  eden space 168448K, 0% used [0x00000000e0000000,0x00000000e0000000,0x00000000ea480000)
  from space 19968K, 99% used [0x00000000eed80000,0x00000000f00f89d0,0x00000000f0100000)
  to   space 43520K, 0% used [0x00000000eac00000,0x00000000eac00000,0x00000000ed680000)
 ParOldGen       total 93696K, used 85738K [0x00000000a0000000, 0x00000000a5b80000, 0x00000000e0000000)
  object space 93696K, 91% used [0x00000000a0000000,0x00000000a53ba9e8,0x00000000a5b80000)
 Metaspace       used 75200K, capacity 78242K, committed 78336K, reserved 1118208K
  class space    used 9798K, capacity 10482K, committed 10496K, reserved 1048576K
Event: 10604.390 GC heap after
Heap after GC invocations=22 (full 4):
 PSYoungGen      total 188416K, used 0K [0x00000000e0000000, 0x00000000f0100000, 0x0000000100000000)
  eden space 168448K, 0% used [0x00000000e0000000,0x00000000e0000000,0x00000000ea480000)
  from space 19968K, 0% used [0x00000000eed80000,0x00000000eed80000,0x00000000f0100000)
  to   space 43520K, 0% used [0x00000000eac00000,0x00000000eac00000,0x00000000ed680000)
 ParOldGen       total 152576K, used 81056K [0x00000000a0000000, 0x00000000a9500000, 0x00000000e0000000)
  object space 152576K, 53% used [0x00000000a0000000,0x00000000a4f28260,0x00000000a9500000)
 Metaspace       used 74470K, capacity 76966K, committed 78336K, reserved 1118208K
  class space    used 9661K, capacity 10235K, committed 10496K, reserved 1048576K
}

