# JRE version: OpenJDK Runtime Environment (8.0_202-b03) (build 1.8.0_202-release-1483-b03)
# Java VM: OpenJDK 64-Bit Server VM (25.202-b03 mixed mode windows-amd64 compressed oops)
Heap:
 PSYoungGen      total 275456K, used 107765K [0x00000000e0000000, 0x00000000f3800000, 0x0000000100000000)
  eden space 236544K, 45% used [0x00000000e0000000,0x00000000e6925530,0x00000000ee700000)
  from space 38912K, 0% used [0x00000000f1200000,0x00000000f1218000,0x00000000f3800000)
  to   space 41472K, 0% used [0x00000000ee700000,0x00000000ee700000,0x00000000f0f80000)
 ParOldGen       total 905216K, used 777059K [0x00000000a0000000, 0x00000000d7400000, 0x00000000e0000000)
  object space 905216K, 85% used [0x00000000a0000000,0x00000000cf6d8c40,0x00000000d7400000)
 Metaspace       used 64207K, capacity 65914K, committed 66712K, reserved 1107968K
  class space    used 8501K, capacity 8928K, committed 9128K, reserved 1048576K
GC Heap History (10 events):
Event: 63.884 GC heap before
{Heap before GC invocations=35 (full 12):
 PSYoungGen      total 273920K, used 227328K [0x00000000e0000000, 0x00000000f3d00000, 0x0000000100000000)
  eden space 227328K, 100% used [0x00000000e0000000,0x00000000ede00000,0x00000000ede00000)
  from space 46592K, 0% used [0x00000000ede00000,0x00000000ede00000,0x00000000f0b80000)
  to   space 45568K, 0% used [0x00000000f1080000,0x00000000f1080000,0x00000000f3d00000)
 ParOldGen       total 905216K, used 904983K [0x00000000a0000000, 0x00000000d7400000, 0x00000000e0000000)
  object space 905216K, 99% used [0x00000000a0000000,0x00000000d73c5df8,0x00000000d7400000)
 Metaspace       used 63924K, capacity 65634K, committed 66712K, reserved 1107968K
  class space    used 8462K, capacity 8912K, committed 9128K, reserved 1048576K
Event: 64.104 GC heap after
Heap after GC invocations=35 (full 12):
 PSYoungGen      total 273920K, used 0K [0x00000000e0000000, 0x00000000f3d00000, 0x0000000100000000)
  eden space 227328K, 0% used [0x00000000e0000000,0x00000000e0000000,0x00000000ede00000)
  from space 46592K, 0% used [0x00000000ede00000,0x00000000ede00000,0x00000000f0b80000)
  to   space 45568K, 0% used [0x00000000f1080000,0x00000000f1080000,0x00000000f3d00000)
 ParOldGen       total 905216K, used 901770K [0x00000000a0000000, 0x00000000d7400000, 0x00000000e0000000)
  object space 905216K, 99% used [0x00000000a0000000,0x00000000d70a28c0,0x00000000d7400000)
 Metaspace       used 63924K, capacity 65634K, committed 66712K, reserved 1107968K
  class space    used 8462K, capacity 8912K, committed 9128K, reserved 1048576K
}
Event: 65.606 GC heap before
{Heap before GC invocations=36 (full 13):
 PSYoungGen      total 273920K, used 227246K [0x00000000e0000000, 0x00000000f3d00000, 0x0000000100000000)
  eden space 227328K, 99% used [0x00000000e0000000,0x00000000eddebb60,0x00000000ede00000)
  from space 46592K, 0% used [0x00000000ede00000,0x00000000ede00000,0x00000000f0b80000)
  to   space 45568K, 0% used [0x00000000f1080000,0x00000000f1080000,0x00000000f3d00000)
 ParOldGen       total 905216K, used 901770K [0x00000000a0000000, 0x00000000d7400000, 0x00000000e0000000)
  object space 905216K, 99% used [0x00000000a0000000,0x00000000d70a28c0,0x00000000d7400000)
 Metaspace       used 63924K, capacity 65634K, committed 66712K, reserved 1107968K
  class space    used 8462K, capacity 8912K, committed 9128K, reserved 1048576K
Event: 65.823 GC heap after
Heap after GC invocations=36 (full 13):
 PSYoungGen      total 273920K, used 0K [0x00000000e0000000, 0x00000000f3d00000, 0x0000000100000000)
  eden space 227328K, 0% used [0x00000000e0000000,0x00000000e0000000,0x00000000ede00000)
  from space 46592K, 0% used [0x00000000ede00000,0x00000000ede00000,0x00000000f0b80000)
  to   space 45568K, 0% used [0x00000000f1080000,0x00000000f1080000,0x00000000f3d00000)
 ParOldGen       total 905216K, used 777059K [0x00000000a0000000, 0x00000000d7400000, 0x00000000e0000000)
  object space 905216K, 85% used [0x00000000a0000000,0x00000000cf6d8c40,0x00000000d7400000)
 Metaspace       used 63924K, capacity 65634K, committed 66712K, reserved 1107968K
  class space    used 8462K, capacity 8912K, committed 9128K, reserved 1048576K
}
Event: 67.547 GC heap before
{Heap before GC invocations=37 (full 13):
 PSYoungGen      total 273920K, used 227322K [0x00000000e0000000, 0x00000000f3d00000, 0x0000000100000000)
  eden space 227328K, 99% used [0x00000000e0000000,0x00000000eddfe8a8,0x00000000ede00000)
  from space 46592K, 0% used [0x00000000ede00000,0x00000000ede00000,0x00000000f0b80000)
  to   space 45568K, 0% used [0x00000000f1080000,0x00000000f1080000,0x00000000f3d00000)
 ParOldGen       total 905216K, used 777059K [0x00000000a0000000, 0x00000000d7400000, 0x00000000e0000000)
  object space 905216K, 85% used [0x00000000a0000000,0x00000000cf6d8c40,0x00000000d7400000)
 Metaspace       used 63924K, capacity 65634K, committed 66712K, reserved 1107968K
  class space    used 8462K, capacity 8912K, committed 9128K, reserved 1048576K
Event: 67.553 GC heap after
Heap after GC invocations=37 (full 13):
 PSYoungGen      total 276992K, used 64K [0x00000000e0000000, 0x00000000f3b00000, 0x0000000100000000)
  eden space 233472K, 0% used [0x00000000e0000000,0x00000000e0000000,0x00000000ee400000)
  from space 43520K, 0% used [0x00000000f1080000,0x00000000f1090000,0x00000000f3b00000)
  to   space 44544K, 0% used [0x00000000ee400000,0x00000000ee400000,0x00000000f0f80000)
 ParOldGen       total 905216K, used 777059K [0x00000000a0000000, 0x00000000d7400000, 0x00000000e0000000)
  object space 905216K, 85% used [0x00000000a0000000,0x00000000cf6d8c40,0x00000000d7400000)
 Metaspace       used 63924K, capacity 65634K, committed 66712K, reserved 1107968K
  class space    used 8462K, capacity 8912K, committed 9128K, reserved 1048576K
}
Event: 69.831 GC heap before
{Heap before GC invocations=38 (full 13):
 PSYoungGen      total 276992K, used 233536K [0x00000000e0000000, 0x00000000f3b00000, 0x0000000100000000)
  eden space 233472K, 100% used [0x00000000e0000000,0x00000000ee400000,0x00000000ee400000)
  from space 43520K, 0% used [0x00000000f1080000,0x00000000f1090000,0x00000000f3b00000)
  to   space 44544K, 0% used [0x00000000ee400000,0x00000000ee400000,0x00000000f0f80000)
 ParOldGen       total 905216K, used 777059K [0x00000000a0000000, 0x00000000d7400000, 0x00000000e0000000)
  object space 905216K, 85% used [0x00000000a0000000,0x00000000cf6d8c40,0x00000000d7400000)
 Metaspace       used 63924K, capacity 65634K, committed 66712K, reserved 1107968K
  class space    used 8462K, capacity 8912K, committed 9128K, reserved 1048576K
Event: 69.837 GC heap after
Heap after GC invocations=38 (full 13):
 PSYoungGen      total 278016K, used 96K [0x00000000e0000000, 0x00000000f3c00000, 0x0000000100000000)
  eden space 233472K, 0% used [0x00000000e0000000,0x00000000e0000000,0x00000000ee400000)
  from space 44544K, 0% used [0x00000000ee400000,0x00000000ee418000,0x00000000f0f80000)
  to   space 43008K, 0% used [0x00000000f1200000,0x00000000f1200000,0x00000000f3c00000)
 ParOldGen       total 905216K, used 777059K [0x00000000a0000000, 0x00000000d7400000, 0x00000000e0000000)
  object space 905216K, 85% used [0x00000000a0000000,0x00000000cf6d8c40,0x00000000d7400000)
 Metaspace       used 63924K, capacity 65634K, committed 66712K, reserved 1107968K
  class space    used 8462K, capacity 8912K, committed 9128K, reserved 1048576K
}
Event: 72.108 GC heap before
{Heap before GC invocations=39 (full 13):
 PSYoungGen      total 278016K, used 233568K [0x00000000e0000000, 0x00000000f3c00000, 0x0000000100000000)
  eden space 233472K, 100% used [0x00000000e0000000,0x00000000ee400000,0x00000000ee400000)
  from space 44544K, 0% used [0x00000000ee400000,0x00000000ee418000,0x00000000f0f80000)
  to   space 43008K, 0% used [0x00000000f1200000,0x00000000f1200000,0x00000000f3c00000)
 ParOldGen       total 905216K, used 777059K [0x00000000a0000000, 0x00000000d7400000, 0x00000000e0000000)
  object space 905216K, 85% used [0x00000000a0000000,0x00000000cf6d8c40,0x00000000d7400000)
 Metaspace       used 63928K, capacity 65640K, committed 66712K, reserved 1107968K
  class space    used 8463K, capacity 8913K, committed 9128K, reserved 1048576K
Event: 72.114 GC heap after
Heap after GC invocations=39 (full 13):
 PSYoungGen      total 275456K, used 96K [0x00000000e0000000, 0x00000000f3800000, 0x0000000100000000)
  eden space 236544K, 0% used [0x00000000e0000000,0x00000000e0000000,0x00000000ee700000)
  from space 38912K, 0% used [0x00000000f1200000,0x00000000f1218000,0x00000000f3800000)
  to   space 41472K, 0% used [0x00000000ee700000,0x00000000ee700000,0x00000000f0f80000)
 ParOldGen       total 905216K, used 777059K [0x00000000a0000000, 0x00000000d7400000, 0x00000000e0000000)
  object space 905216K, 85% used [0x00000000a0000000,0x00000000cf6d8c40,0x00000000d7400000)
 Metaspace       used 63928K, capacity 65640K, committed 66712K, reserved 1107968K
  class space    used 8463K, capacity 8913K, committed 9128K, reserved 1048576K
}

