# JRE version: OpenJDK Runtime Environment (8.0_202-b03) (build 1.8.0_202-release-1483-b03)
# Java VM: OpenJDK 64-Bit Server VM (25.202-b03 mixed mode windows-amd64 compressed oops)
Heap:
 PSYoungGen      total 253440K, used 37551K [0x00000000e0000000, 0x00000000f4680000, 0x0000000100000000)
  eden space 200192K, 9% used [0x00000000e0000000,0x00000000e1205380,0x00000000ec380000)
  from space 53248K, 35% used [0x00000000efd80000,0x00000000f1026b30,0x00000000f3180000)
  to   space 59392K, 0% used [0x00000000ec380000,0x00000000ec380000,0x00000000efd80000)
 ParOldGen       total 159232K, used 158863K [0x00000000a0000000, 0x00000000a9b80000, 0x00000000e0000000)
  object space 159232K, 99% used [0x00000000a0000000,0x00000000a9b23e80,0x00000000a9b80000)
 Metaspace       used 72975K, capacity 75086K, committed 75288K, reserved 1114112K
  class space    used 9380K, capacity 9886K, committed 10024K, reserved 1048576K
GC Heap History (10 events):
Event: 310.741 GC heap before
{Heap before GC invocations=25 (full 3):
 PSYoungGen      total 209408K, used 198438K [0x00000000e0000000, 0x00000000ef380000, 0x0000000100000000)
  eden space 184320K, 100% used [0x00000000e0000000,0x00000000eb400000,0x00000000eb400000)
  from space 25088K, 56% used [0x00000000eb400000,0x00000000ec1c9b10,0x00000000ecc80000)
  to   space 25088K, 0% used [0x00000000edb00000,0x00000000edb00000,0x00000000ef380000)
 ParOldGen       total 80384K, used 63780K [0x00000000a0000000, 0x00000000a4e80000, 0x00000000e0000000)
  object space 80384K, 79% used [0x00000000a0000000,0x00000000a3e49000,0x00000000a4e80000)
 Metaspace       used 69763K, capacity 71890K, committed 71960K, reserved 1112064K
  class space    used 9178K, capacity 9703K, committed 9768K, reserved 1048576K
Event: 310.809 GC heap after
Heap after GC invocations=25 (full 3):
 PSYoungGen      total 213504K, used 25071K [0x00000000e0000000, 0x00000000f0600000, 0x0000000100000000)
  eden space 188416K, 0% used [0x00000000e0000000,0x00000000e0000000,0x00000000eb800000)
  from space 25088K, 99% used [0x00000000edb00000,0x00000000ef37bda8,0x00000000ef380000)
  to   space 35840K, 0% used [0x00000000eb800000,0x00000000eb800000,0x00000000edb00000)
 ParOldGen       total 81408K, used 81006K [0x00000000a0000000, 0x00000000a4f80000, 0x00000000e0000000)
  object space 81408K, 99% used [0x00000000a0000000,0x00000000a4f1b948,0x00000000a4f80000)
 Metaspace       used 69763K, capacity 71890K, committed 71960K, reserved 1112064K
  class space    used 9178K, capacity 9703K, committed 9768K, reserved 1048576K
}
Event: 310.809 GC heap before
{Heap before GC invocations=26 (full 4):
 PSYoungGen      total 213504K, used 25071K [0x00000000e0000000, 0x00000000f0600000, 0x0000000100000000)
  eden space 188416K, 0% used [0x00000000e0000000,0x00000000e0000000,0x00000000eb800000)
  from space 25088K, 99% used [0x00000000edb00000,0x00000000ef37bda8,0x00000000ef380000)
  to   space 35840K, 0% used [0x00000000eb800000,0x00000000eb800000,0x00000000edb00000)
 ParOldGen       total 81408K, used 81006K [0x00000000a0000000, 0x00000000a4f80000, 0x00000000e0000000)
  object space 81408K, 99% used [0x00000000a0000000,0x00000000a4f1b948,0x00000000a4f80000)
 Metaspace       used 69763K, capacity 71890K, committed 71960K, reserved 1112064K
  class space    used 9178K, capacity 9703K, committed 9768K, reserved 1048576K
Event: 311.616 GC heap after
Heap after GC invocations=26 (full 4):
 PSYoungGen      total 213504K, used 0K [0x00000000e0000000, 0x00000000f0600000, 0x0000000100000000)
  eden space 188416K, 0% used [0x00000000e0000000,0x00000000e0000000,0x00000000eb800000)
  from space 25088K, 0% used [0x00000000edb00000,0x00000000edb00000,0x00000000ef380000)
  to   space 35840K, 0% used [0x00000000eb800000,0x00000000eb800000,0x00000000edb00000)
 ParOldGen       total 159232K, used 81148K [0x00000000a0000000, 0x00000000a9b80000, 0x00000000e0000000)
  object space 159232K, 50% used [0x00000000a0000000,0x00000000a4f3f1a8,0x00000000a9b80000)
 Metaspace       used 69736K, capacity 71812K, committed 71960K, reserved 1112064K
  class space    used 9169K, capacity 9688K, committed 9768K, reserved 1048576K
}
Event: 324.279 GC heap before
{Heap before GC invocations=27 (full 4):
 PSYoungGen      total 213504K, used 188416K [0x00000000e0000000, 0x00000000f0600000, 0x0000000100000000)
  eden space 188416K, 100% used [0x00000000e0000000,0x00000000eb800000,0x00000000eb800000)
  from space 25088K, 0% used [0x00000000edb00000,0x00000000edb00000,0x00000000ef380000)
  to   space 35840K, 0% used [0x00000000eb800000,0x00000000eb800000,0x00000000edb00000)
 ParOldGen       total 159232K, used 81148K [0x00000000a0000000, 0x00000000a9b80000, 0x00000000e0000000)
  object space 159232K, 50% used [0x00000000a0000000,0x00000000a4f3f1a8,0x00000000a9b80000)
 Metaspace       used 70971K, capacity 73102K, committed 73368K, reserved 1112064K
  class space    used 9239K, capacity 9758K, committed 9896K, reserved 1048576K
Event: 324.391 GC heap after
Heap after GC invocations=27 (full 4):
 PSYoungGen      total 224256K, used 35831K [0x00000000e0000000, 0x00000000f3180000, 0x0000000100000000)
  eden space 188416K, 0% used [0x00000000e0000000,0x00000000e0000000,0x00000000eb800000)
  from space 35840K, 99% used [0x00000000eb800000,0x00000000edafdd50,0x00000000edb00000)
  to   space 53248K, 0% used [0x00000000efd80000,0x00000000efd80000,0x00000000f3180000)
 ParOldGen       total 159232K, used 112604K [0x00000000a0000000, 0x00000000a9b80000, 0x00000000e0000000)
  object space 159232K, 70% used [0x00000000a0000000,0x00000000a6df7150,0x00000000a9b80000)
 Metaspace       used 70971K, capacity 73102K, committed 73368K, reserved 1112064K
  class space    used 9239K, capacity 9758K, committed 9896K, reserved 1048576K
}
Event: 335.972 GC heap before
{Heap before GC invocations=28 (full 4):
 PSYoungGen      total 224256K, used 224247K [0x00000000e0000000, 0x00000000f3180000, 0x0000000100000000)
  eden space 188416K, 100% used [0x00000000e0000000,0x00000000eb800000,0x00000000eb800000)
  from space 35840K, 99% used [0x00000000eb800000,0x00000000edafdd50,0x00000000edb00000)
  to   space 53248K, 0% used [0x00000000efd80000,0x00000000efd80000,0x00000000f3180000)
 ParOldGen       total 159232K, used 112604K [0x00000000a0000000, 0x00000000a9b80000, 0x00000000e0000000)
  object space 159232K, 70% used [0x00000000a0000000,0x00000000a6df7150,0x00000000a9b80000)
 Metaspace       used 72974K, capacity 75086K, committed 75288K, reserved 1114112K
  class space    used 9380K, capacity 9886K, committed 10024K, reserved 1048576K
Event: 336.231 GC heap after
Heap after GC invocations=28 (full 4):
 PSYoungGen      total 253440K, used 44367K [0x00000000e0000000, 0x00000000f4680000, 0x0000000100000000)
  eden space 200192K, 0% used [0x00000000e0000000,0x00000000e0000000,0x00000000ec380000)
  from space 53248K, 83% used [0x00000000efd80000,0x00000000f28d3c20,0x00000000f3180000)
  to   space 59392K, 0% used [0x00000000ec380000,0x00000000ec380000,0x00000000efd80000)
 ParOldGen       total 159232K, used 147430K [0x00000000a0000000, 0x00000000a9b80000, 0x00000000e0000000)
  object space 159232K, 92% used [0x00000000a0000000,0x00000000a8ff9b90,0x00000000a9b80000)
 Metaspace       used 72974K, capacity 75086K, committed 75288K, reserved 1114112K
  class space    used 9380K, capacity 9886K, committed 10024K, reserved 1048576K
}
Event: 336.231 GC heap before
{Heap before GC invocations=29 (full 5):
 PSYoungGen      total 253440K, used 44367K [0x00000000e0000000, 0x00000000f4680000, 0x0000000100000000)
  eden space 200192K, 0% used [0x00000000e0000000,0x00000000e0000000,0x00000000ec380000)
  from space 53248K, 83% used [0x00000000efd80000,0x00000000f28d3c20,0x00000000f3180000)
  to   space 59392K, 0% used [0x00000000ec380000,0x00000000ec380000,0x00000000efd80000)
 ParOldGen       total 159232K, used 147430K [0x00000000a0000000, 0x00000000a9b80000, 0x00000000e0000000)
  object space 159232K, 92% used [0x00000000a0000000,0x00000000a8ff9b90,0x00000000a9b80000)
 Metaspace       used 72974K, capacity 75086K, committed 75288K, reserved 1114112K
  class space    used 9380K, capacity 9886K, committed 10024K, reserved 1048576K
Event: 338.320 GC heap after
Heap after GC invocations=29 (full 5):
 PSYoungGen      total 253440K, used 19098K [0x00000000e0000000, 0x00000000f4680000, 0x0000000100000000)
  eden space 200192K, 0% used [0x00000000e0000000,0x00000000e0000000,0x00000000ec380000)
  from space 53248K, 35% used [0x00000000efd80000,0x00000000f1026b30,0x00000000f3180000)
  to   space 59392K, 0% used [0x00000000ec380000,0x00000000ec380000,0x00000000efd80000)
 ParOldGen       total 159232K, used 158863K [0x00000000a0000000, 0x00000000a9b80000, 0x00000000e0000000)
  object space 159232K, 99% used [0x00000000a0000000,0x00000000a9b23e80,0x00000000a9b80000)
 Metaspace       used 72974K, capacity 75086K, committed 75288K, reserved 1114112K
  class space    used 9380K, capacity 9886K, committed 10024K, reserved 1048576K
}

