# JRE version: OpenJDK Runtime Environment (8.0_202-b03) (build 1.8.0_202-release-1483-b03)
# Java VM: OpenJDK 64-Bit Server VM (25.202-b03 mixed mode windows-amd64 compressed oops)
Heap:
 PSYoungGen      total 283648K, used 23014K [0x00000000e0000000, 0x00000000fb300000, 0x0000000100000000)
  eden space 235520K, 9% used [0x00000000e0000000,0x00000000e1679b18,0x00000000ee600000)
  from space 48128K, 0% used [0x00000000f3300000,0x00000000f3300000,0x00000000f6200000)
  to   space 78848K, 0% used [0x00000000ee600000,0x00000000ee600000,0x00000000f3300000)
 ParOldGen       total 189440K, used 68803K [0x00000000a0000000, 0x00000000ab900000, 0x00000000e0000000)
  object space 189440K, 36% used [0x00000000a0000000,0x00000000a4330d28,0x00000000ab900000)
 Metaspace       used 79564K, capacity 82032K, committed 83712K, reserved 1122304K
  class space    used 10118K, capacity 10660K, committed 11008K, reserved 1048576K
GC Heap History (10 events):
Event: 4778.091 GC heap before
{Heap before GC invocations=20 (full 4):
 PSYoungGen      total 259072K, used 4780K [0x00000000e0000000, 0x00000000f2b00000, 0x0000000100000000)
  eden space 234496K, 0% used [0x00000000e0000000,0x00000000e0000000,0x00000000ee500000)
  from space 24576K, 19% used [0x00000000f1300000,0x00000000f17ab308,0x00000000f2b00000)
  to   space 35840K, 0% used [0x00000000ee500000,0x00000000ee500000,0x00000000f0800000)
 ParOldGen       total 80896K, used 69857K [0x00000000a0000000, 0x00000000a4f00000, 0x00000000e0000000)
  object space 80896K, 86% used [0x00000000a0000000,0x00000000a4438648,0x00000000a4f00000)
 Metaspace       used 72371K, capacity 75254K, committed 75392K, reserved 1114112K
  class space    used 9453K, capacity 10064K, committed 10112K, reserved 1048576K
Event: 4779.053 GC heap after
Heap after GC invocations=20 (full 4):
 PSYoungGen      total 259072K, used 0K [0x00000000e0000000, 0x00000000f2b00000, 0x0000000100000000)
  eden space 234496K, 0% used [0x00000000e0000000,0x00000000e0000000,0x00000000ee500000)
  from space 24576K, 0% used [0x00000000f1300000,0x00000000f1300000,0x00000000f2b00000)
  to   space 35840K, 0% used [0x00000000ee500000,0x00000000ee500000,0x00000000f0800000)
 ParOldGen       total 120832K, used 51305K [0x00000000a0000000, 0x00000000a7600000, 0x00000000e0000000)
  object space 120832K, 42% used [0x00000000a0000000,0x00000000a321a490,0x00000000a7600000)
 Metaspace       used 71720K, capacity 74136K, committed 75392K, reserved 1114112K
  class space    used 9333K, capacity 9846K, committed 10112K, reserved 1048576K
}
Event: 4827.083 GC heap before
{Heap before GC invocations=21 (full 4):
 PSYoungGen      total 259072K, used 234496K [0x00000000e0000000, 0x00000000f2b00000, 0x0000000100000000)
  eden space 234496K, 100% used [0x00000000e0000000,0x00000000ee500000,0x00000000ee500000)
  from space 24576K, 0% used [0x00000000f1300000,0x00000000f1300000,0x00000000f2b00000)
  to   space 35840K, 0% used [0x00000000ee500000,0x00000000ee500000,0x00000000f0800000)
 ParOldGen       total 120832K, used 51305K [0x00000000a0000000, 0x00000000a7600000, 0x00000000e0000000)
  object space 120832K, 42% used [0x00000000a0000000,0x00000000a321a490,0x00000000a7600000)
 Metaspace       used 76691K, capacity 79122K, committed 80384K, reserved 1118208K
  class space    used 9928K, capacity 10464K, committed 10752K, reserved 1048576K
Event: 4827.175 GC heap after
Heap after GC invocations=21 (full 4):
 PSYoungGen      total 270336K, used 35814K [0x00000000e0000000, 0x00000000f6200000, 0x0000000100000000)
  eden space 234496K, 0% used [0x00000000e0000000,0x00000000e0000000,0x00000000ee500000)
  from space 35840K, 99% used [0x00000000ee500000,0x00000000f07f9a10,0x00000000f0800000)
  to   space 48128K, 0% used [0x00000000f3300000,0x00000000f3300000,0x00000000f6200000)
 ParOldGen       total 120832K, used 66953K [0x00000000a0000000, 0x00000000a7600000, 0x00000000e0000000)
  object space 120832K, 55% used [0x00000000a0000000,0x00000000a4162608,0x00000000a7600000)
 Metaspace       used 76691K, capacity 79122K, committed 80384K, reserved 1118208K
  class space    used 9928K, capacity 10464K, committed 10752K, reserved 1048576K
}
Event: 4835.495 GC heap before
{Heap before GC invocations=22 (full 4):
 PSYoungGen      total 270336K, used 270310K [0x00000000e0000000, 0x00000000f6200000, 0x0000000100000000)
  eden space 234496K, 100% used [0x00000000e0000000,0x00000000ee500000,0x00000000ee500000)
  from space 35840K, 99% used [0x00000000ee500000,0x00000000f07f9a10,0x00000000f0800000)
  to   space 48128K, 0% used [0x00000000f3300000,0x00000000f3300000,0x00000000f6200000)
 ParOldGen       total 120832K, used 66953K [0x00000000a0000000, 0x00000000a7600000, 0x00000000e0000000)
  object space 120832K, 55% used [0x00000000a0000000,0x00000000a4162608,0x00000000a7600000)
 Metaspace       used 77749K, capacity 80316K, committed 81536K, reserved 1120256K
  class space    used 9993K, capacity 10566K, committed 10880K, reserved 1048576K
Event: 4835.725 GC heap after
Heap after GC invocations=22 (full 4):
 PSYoungGen      total 283648K, used 48125K [0x00000000e0000000, 0x00000000fb300000, 0x0000000100000000)
  eden space 235520K, 0% used [0x00000000e0000000,0x00000000e0000000,0x00000000ee600000)
  from space 48128K, 99% used [0x00000000f3300000,0x00000000f61ff6f0,0x00000000f6200000)
  to   space 78848K, 0% used [0x00000000ee600000,0x00000000ee600000,0x00000000f3300000)
 ParOldGen       total 126976K, used 126777K [0x00000000a0000000, 0x00000000a7c00000, 0x00000000e0000000)
  object space 126976K, 99% used [0x00000000a0000000,0x00000000a7bce560,0x00000000a7c00000)
 Metaspace       used 77749K, capacity 80316K, committed 81536K, reserved 1120256K
  class space    used 9993K, capacity 10566K, committed 10880K, reserved 1048576K
}
Event: 4835.725 GC heap before
{Heap before GC invocations=23 (full 5):
 PSYoungGen      total 283648K, used 48125K [0x00000000e0000000, 0x00000000fb300000, 0x0000000100000000)
  eden space 235520K, 0% used [0x00000000e0000000,0x00000000e0000000,0x00000000ee600000)
  from space 48128K, 99% used [0x00000000f3300000,0x00000000f61ff6f0,0x00000000f6200000)
  to   space 78848K, 0% used [0x00000000ee600000,0x00000000ee600000,0x00000000f3300000)
 ParOldGen       total 126976K, used 126777K [0x00000000a0000000, 0x00000000a7c00000, 0x00000000e0000000)
  object space 126976K, 99% used [0x00000000a0000000,0x00000000a7bce560,0x00000000a7c00000)
 Metaspace       used 77749K, capacity 80316K, committed 81536K, reserved 1120256K
  class space    used 9993K, capacity 10566K, committed 10880K, reserved 1048576K
Event: 4837.951 GC heap after
Heap after GC invocations=23 (full 5):
 PSYoungGen      total 283648K, used 44789K [0x00000000e0000000, 0x00000000fb300000, 0x0000000100000000)
  eden space 235520K, 0% used [0x00000000e0000000,0x00000000e0000000,0x00000000ee600000)
  from space 48128K, 93% used [0x00000000f3300000,0x00000000f5ebd4b0,0x00000000f6200000)
  to   space 78848K, 0% used [0x00000000ee600000,0x00000000ee600000,0x00000000f3300000)
 ParOldGen       total 126976K, used 126716K [0x00000000a0000000, 0x00000000a7c00000, 0x00000000e0000000)
  object space 126976K, 99% used [0x00000000a0000000,0x00000000a7bbf240,0x00000000a7c00000)
 Metaspace       used 77749K, capacity 80316K, committed 81536K, reserved 1120256K
  class space    used 9993K, capacity 10566K, committed 10880K, reserved 1048576K
}
Event: 4857.231 GC heap before
{Heap before GC invocations=24 (full 6):
 PSYoungGen      total 283648K, used 280309K [0x00000000e0000000, 0x00000000fb300000, 0x0000000100000000)
  eden space 235520K, 100% used [0x00000000e0000000,0x00000000ee600000,0x00000000ee600000)
  from space 48128K, 93% used [0x00000000f3300000,0x00000000f5ebd4b0,0x00000000f6200000)
  to   space 78848K, 0% used [0x00000000ee600000,0x00000000ee600000,0x00000000f3300000)
 ParOldGen       total 126976K, used 126716K [0x00000000a0000000, 0x00000000a7c00000, 0x00000000e0000000)
  object space 126976K, 99% used [0x00000000a0000000,0x00000000a7bbf240,0x00000000a7c00000)
 Metaspace       used 79797K, capacity 82324K, committed 83712K, reserved 1122304K
  class space    used 10137K, capacity 10698K, committed 11008K, reserved 1048576K
Event: 4857.568 GC heap after
Heap after GC invocations=24 (full 6):
 PSYoungGen      total 283648K, used 0K [0x00000000e0000000, 0x00000000fb300000, 0x0000000100000000)
  eden space 235520K, 0% used [0x00000000e0000000,0x00000000e0000000,0x00000000ee600000)
  from space 48128K, 0% used [0x00000000f3300000,0x00000000f3300000,0x00000000f6200000)
  to   space 78848K, 0% used [0x00000000ee600000,0x00000000ee600000,0x00000000f3300000)
 ParOldGen       total 189440K, used 68803K [0x00000000a0000000, 0x00000000ab900000, 0x00000000e0000000)
  object space 189440K, 36% used [0x00000000a0000000,0x00000000a4330d28,0x00000000ab900000)
 Metaspace       used 79546K, capacity 82020K, committed 83712K, reserved 1122304K
  class space    used 10115K, capacity 10658K, committed 11008K, reserved 1048576K
}

