# JRE version: OpenJDK Runtime Environment (8.0_202-b03) (build 1.8.0_202-release-1483-b03)
# Java VM: OpenJDK 64-Bit Server VM (25.202-b03 mixed mode windows-amd64 compressed oops)
Heap:
 PSYoungGen      total 411136K, used 74139K [0x00000000e0000000, 0x00000000ffa00000, 0x0000000100000000)
  eden space 377856K, 18% used [0x00000000e0000000,0x00000000e43eede0,0x00000000f7100000)
  from space 33280K, 13% used [0x00000000f8e80000,0x00000000f92f8000,0x00000000faf00000)
  to   space 30208K, 0% used [0x00000000f7100000,0x00000000f7100000,0x00000000f8e80000)
 ParOldGen       total 148480K, used 113560K [0x00000000a0000000, 0x00000000a9100000, 0x00000000e0000000)
  object space 148480K, 76% used [0x00000000a0000000,0x00000000a6ee6388,0x00000000a9100000)
 Metaspace       used 88512K, capacity 92270K, committed 92584K, reserved 1130496K
  class space    used 11346K, capacity 12124K, committed 12200K, reserved 1048576K
GC Heap History (10 events):
Event: 2622.650 GC heap before
{Heap before GC invocations=30 (full 4):
 PSYoungGen      total 286720K, used 256200K [0x00000000e0000000, 0x00000000f7380000, 0x0000000100000000)
  eden space 250368K, 100% used [0x00000000e0000000,0x00000000ef480000,0x00000000ef480000)
  from space 36352K, 16% used [0x00000000ef480000,0x00000000efa32168,0x00000000f1800000)
  to   space 35840K, 0% used [0x00000000f5080000,0x00000000f5080000,0x00000000f7380000)
 ParOldGen       total 148480K, used 92442K [0x00000000a0000000, 0x00000000a9100000, 0x00000000e0000000)
  object space 148480K, 62% used [0x00000000a0000000,0x00000000a5a46920,0x00000000a9100000)
 Metaspace       used 88370K, capacity 92090K, committed 92328K, reserved 1130496K
  class space    used 11343K, capacity 12092K, committed 12200K, reserved 1048576K
Event: 2622.677 GC heap after
Heap after GC invocations=30 (full 4):
 PSYoungGen      total 338432K, used 4626K [0x00000000e0000000, 0x00000000f6f80000, 0x0000000100000000)
  eden space 306688K, 0% used [0x00000000e0000000,0x00000000e0000000,0x00000000f2b80000)
  from space 31744K, 14% used [0x00000000f5080000,0x00000000f5504830,0x00000000f6f80000)
  to   space 34816K, 0% used [0x00000000f2b80000,0x00000000f2b80000,0x00000000f4d80000)
 ParOldGen       total 148480K, used 96718K [0x00000000a0000000, 0x00000000a9100000, 0x00000000e0000000)
  object space 148480K, 65% used [0x00000000a0000000,0x00000000a5e73970,0x00000000a9100000)
 Metaspace       used 88370K, capacity 92090K, committed 92328K, reserved 1130496K
  class space    used 11343K, capacity 12092K, committed 12200K, reserved 1048576K
}
Event: 2625.481 GC heap before
{Heap before GC invocations=31 (full 4):
 PSYoungGen      total 338432K, used 311314K [0x00000000e0000000, 0x00000000f6f80000, 0x0000000100000000)
  eden space 306688K, 100% used [0x00000000e0000000,0x00000000f2b80000,0x00000000f2b80000)
  from space 31744K, 14% used [0x00000000f5080000,0x00000000f5504830,0x00000000f6f80000)
  to   space 34816K, 0% used [0x00000000f2b80000,0x00000000f2b80000,0x00000000f4d80000)
 ParOldGen       total 148480K, used 96718K [0x00000000a0000000, 0x00000000a9100000, 0x00000000e0000000)
  object space 148480K, 65% used [0x00000000a0000000,0x00000000a5e73970,0x00000000a9100000)
 Metaspace       used 88402K, capacity 92190K, committed 92328K, reserved 1130496K
  class space    used 11346K, capacity 12124K, committed 12200K, reserved 1048576K
Event: 2625.526 GC heap after
Heap after GC invocations=31 (full 4):
 PSYoungGen      total 341504K, used 9132K [0x00000000e0000000, 0x00000000faf00000, 0x0000000100000000)
  eden space 306688K, 0% used [0x00000000e0000000,0x00000000e0000000,0x00000000f2b80000)
  from space 34816K, 26% used [0x00000000f2b80000,0x00000000f346b218,0x00000000f4d80000)
  to   space 33280K, 0% used [0x00000000f8e80000,0x00000000f8e80000,0x00000000faf00000)
 ParOldGen       total 148480K, used 98670K [0x00000000a0000000, 0x00000000a9100000, 0x00000000e0000000)
  object space 148480K, 66% used [0x00000000a0000000,0x00000000a605b8b8,0x00000000a9100000)
 Metaspace       used 88402K, capacity 92190K, committed 92328K, reserved 1130496K
  class space    used 11346K, capacity 12124K, committed 12200K, reserved 1048576K
}
Event: 2628.072 GC heap before
{Heap before GC invocations=32 (full 4):
 PSYoungGen      total 341504K, used 315820K [0x00000000e0000000, 0x00000000faf00000, 0x0000000100000000)
  eden space 306688K, 100% used [0x00000000e0000000,0x00000000f2b80000,0x00000000f2b80000)
  from space 34816K, 26% used [0x00000000f2b80000,0x00000000f346b218,0x00000000f4d80000)
  to   space 33280K, 0% used [0x00000000f8e80000,0x00000000f8e80000,0x00000000faf00000)
 ParOldGen       total 148480K, used 98670K [0x00000000a0000000, 0x00000000a9100000, 0x00000000e0000000)
  object space 148480K, 66% used [0x00000000a0000000,0x00000000a605b8b8,0x00000000a9100000)
 Metaspace       used 88463K, capacity 92198K, committed 92328K, reserved 1130496K
  class space    used 11346K, capacity 12124K, committed 12200K, reserved 1048576K
Event: 2628.152 GC heap after
Heap after GC invocations=32 (full 4):
 PSYoungGen      total 409088K, used 6741K [0x00000000e0000000, 0x00000000faf00000, 0x0000000100000000)
  eden space 375808K, 0% used [0x00000000e0000000,0x00000000e0000000,0x00000000f6f00000)
  from space 33280K, 20% used [0x00000000f8e80000,0x00000000f9515700,0x00000000faf00000)
  to   space 32256K, 0% used [0x00000000f6f00000,0x00000000f6f00000,0x00000000f8e80000)
 ParOldGen       total 148480K, used 105444K [0x00000000a0000000, 0x00000000a9100000, 0x00000000e0000000)
  object space 148480K, 71% used [0x00000000a0000000,0x00000000a66f91e8,0x00000000a9100000)
 Metaspace       used 88463K, capacity 92198K, committed 92328K, reserved 1130496K
  class space    used 11346K, capacity 12124K, committed 12200K, reserved 1048576K
}
Event: 2631.026 GC heap before
{Heap before GC invocations=33 (full 4):
 PSYoungGen      total 409088K, used 382549K [0x00000000e0000000, 0x00000000faf00000, 0x0000000100000000)
  eden space 375808K, 100% used [0x00000000e0000000,0x00000000f6f00000,0x00000000f6f00000)
  from space 33280K, 20% used [0x00000000f8e80000,0x00000000f9515700,0x00000000faf00000)
  to   space 32256K, 0% used [0x00000000f6f00000,0x00000000f6f00000,0x00000000f8e80000)
 ParOldGen       total 148480K, used 105444K [0x00000000a0000000, 0x00000000a9100000, 0x00000000e0000000)
  object space 148480K, 71% used [0x00000000a0000000,0x00000000a66f91e8,0x00000000a9100000)
 Metaspace       used 88483K, capacity 92202K, committed 92328K, reserved 1130496K
  class space    used 11346K, capacity 12124K, committed 12200K, reserved 1048576K
Event: 2631.076 GC heap after
Heap after GC invocations=33 (full 4):
 PSYoungGen      total 408064K, used 5305K [0x00000000e0000000, 0x00000000faf00000, 0x0000000100000000)
  eden space 375808K, 0% used [0x00000000e0000000,0x00000000e0000000,0x00000000f6f00000)
  from space 32256K, 16% used [0x00000000f6f00000,0x00000000f742e7a0,0x00000000f8e80000)
  to   space 33280K, 0% used [0x00000000f8e80000,0x00000000f8e80000,0x00000000faf00000)
 ParOldGen       total 148480K, used 109989K [0x00000000a0000000, 0x00000000a9100000, 0x00000000e0000000)
  object space 148480K, 74% used [0x00000000a0000000,0x00000000a6b69740,0x00000000a9100000)
 Metaspace       used 88483K, capacity 92202K, committed 92328K, reserved 1130496K
  class space    used 11346K, capacity 12124K, committed 12200K, reserved 1048576K
}
Event: 2634.283 GC heap before
{Heap before GC invocations=34 (full 4):
 PSYoungGen      total 408064K, used 381113K [0x00000000e0000000, 0x00000000faf00000, 0x0000000100000000)
  eden space 375808K, 100% used [0x00000000e0000000,0x00000000f6f00000,0x00000000f6f00000)
  from space 32256K, 16% used [0x00000000f6f00000,0x00000000f742e7a0,0x00000000f8e80000)
  to   space 33280K, 0% used [0x00000000f8e80000,0x00000000f8e80000,0x00000000faf00000)
 ParOldGen       total 148480K, used 109989K [0x00000000a0000000, 0x00000000a9100000, 0x00000000e0000000)
  object space 148480K, 74% used [0x00000000a0000000,0x00000000a6b69740,0x00000000a9100000)
 Metaspace       used 88506K, capacity 92270K, committed 92584K, reserved 1130496K
  class space    used 11346K, capacity 12124K, committed 12200K, reserved 1048576K
Event: 2634.320 GC heap after
Heap after GC invocations=34 (full 4):
 PSYoungGen      total 411136K, used 4576K [0x00000000e0000000, 0x00000000ffa00000, 0x0000000100000000)
  eden space 377856K, 0% used [0x00000000e0000000,0x00000000e0000000,0x00000000f7100000)
  from space 33280K, 13% used [0x00000000f8e80000,0x00000000f92f8000,0x00000000faf00000)
  to   space 30208K, 0% used [0x00000000f7100000,0x00000000f7100000,0x00000000f8e80000)
 ParOldGen       total 148480K, used 113560K [0x00000000a0000000, 0x00000000a9100000, 0x00000000e0000000)
  object space 148480K, 76% used [0x00000000a0000000,0x00000000a6ee6388,0x00000000a9100000)
 Metaspace       used 88506K, capacity 92270K, committed 92584K, reserved 1130496K
  class space    used 11346K, capacity 12124K, committed 12200K, reserved 1048576K
}

