# JRE version: OpenJDK Runtime Environment (8.0_202-b03) (build 1.8.0_202-release-1483-b03)
# Java VM: OpenJDK 64-Bit Server VM (25.202-b03 mixed mode windows-amd64 compressed oops)
Heap:
 PSYoungGen      total 305664K, used 72520K [0x00000000e0000000, 0x00000000f4d80000, 0x0000000100000000)
  eden space 269824K, 26% used [0x00000000e0000000,0x00000000e46d21c0,0x00000000f0780000)
  from space 35840K, 0% used [0x00000000f0780000,0x00000000f0780000,0x00000000f2a80000)
  to   space 24064K, 0% used [0x00000000f3600000,0x00000000f3600000,0x00000000f4d80000)
 ParOldGen       total 833536K, used 514774K [0x00000000a0000000, 0x00000000d2e00000, 0x00000000e0000000)
  object space 833536K, 61% used [0x00000000a0000000,0x00000000bf6b5940,0x00000000d2e00000)
 Metaspace       used 72400K, capacity 74762K, committed 76544K, reserved 1116160K
  class space    used 9389K, capacity 9879K, committed 10240K, reserved 1048576K
GC Heap History (10 events):
Event: 10585.729 GC heap before
{Heap before GC invocations=32 (full 7):
 PSYoungGen      total 289792K, used 0K [0x00000000e0000000, 0x00000000f5280000, 0x0000000100000000)
  eden space 249344K, 0% used [0x00000000e0000000,0x00000000e0000000,0x00000000ef380000)
  from space 40448K, 0% used [0x00000000f1980000,0x00000000f1980000,0x00000000f4100000)
  to   space 38912K, 0% used [0x00000000ef380000,0x00000000ef380000,0x00000000f1980000)
 ParOldGen       total 437248K, used 301231K [0x00000000a0000000, 0x00000000bab00000, 0x00000000e0000000)
  object space 437248K, 68% used [0x00000000a0000000,0x00000000b262bca0,0x00000000bab00000)
 Metaspace       used 72359K, capacity 74698K, committed 76544K, reserved 1116160K
  class space    used 9389K, capacity 9879K, committed 10240K, reserved 1048576K
Event: 10585.733 GC heap after
Heap after GC invocations=32 (full 7):
 PSYoungGen      total 288256K, used 0K [0x00000000e0000000, 0x00000000f5a80000, 0x0000000100000000)
  eden space 249344K, 0% used [0x00000000e0000000,0x00000000e0000000,0x00000000ef380000)
  from space 38912K, 0% used [0x00000000ef380000,0x00000000ef380000,0x00000000f1980000)
  to   space 37376K, 0% used [0x00000000f3600000,0x00000000f3600000,0x00000000f5a80000)
 ParOldGen       total 437248K, used 301231K [0x00000000a0000000, 0x00000000bab00000, 0x00000000e0000000)
  object space 437248K, 68% used [0x00000000a0000000,0x00000000b262bca0,0x00000000bab00000)
 Metaspace       used 72359K, capacity 74698K, committed 76544K, reserved 1116160K
  class space    used 9389K, capacity 9879K, committed 10240K, reserved 1048576K
}
Event: 10585.733 GC heap before
{Heap before GC invocations=33 (full 8):
 PSYoungGen      total 288256K, used 0K [0x00000000e0000000, 0x00000000f5a80000, 0x0000000100000000)
  eden space 249344K, 0% used [0x00000000e0000000,0x00000000e0000000,0x00000000ef380000)
  from space 38912K, 0% used [0x00000000ef380000,0x00000000ef380000,0x00000000f1980000)
  to   space 37376K, 0% used [0x00000000f3600000,0x00000000f3600000,0x00000000f5a80000)
 ParOldGen       total 437248K, used 301231K [0x00000000a0000000, 0x00000000bab00000, 0x00000000e0000000)
  object space 437248K, 68% used [0x00000000a0000000,0x00000000b262bca0,0x00000000bab00000)
 Metaspace       used 72359K, capacity 74698K, committed 76544K, reserved 1116160K
  class space    used 9389K, capacity 9879K, committed 10240K, reserved 1048576K
Event: 10586.182 GC heap after
Heap after GC invocations=33 (full 8):
 PSYoungGen      total 288256K, used 0K [0x00000000e0000000, 0x00000000f5a80000, 0x0000000100000000)
  eden space 249344K, 0% used [0x00000000e0000000,0x00000000e0000000,0x00000000ef380000)
  from space 38912K, 0% used [0x00000000ef380000,0x00000000ef380000,0x00000000f1980000)
  to   space 37376K, 0% used [0x00000000f3600000,0x00000000f3600000,0x00000000f5a80000)
 ParOldGen       total 460288K, used 300386K [0x00000000a0000000, 0x00000000bc180000, 0x00000000e0000000)
  object space 460288K, 65% used [0x00000000a0000000,0x00000000b25588a8,0x00000000bc180000)
 Metaspace       used 72262K, capacity 74542K, committed 76544K, reserved 1116160K
  class space    used 9375K, capacity 9853K, committed 10240K, reserved 1048576K
}
Event: 10586.186 GC heap before
{Heap before GC invocations=34 (full 8):
 PSYoungGen      total 288256K, used 2495K [0x00000000e0000000, 0x00000000f5a80000, 0x0000000100000000)
  eden space 249344K, 1% used [0x00000000e0000000,0x00000000e026ff70,0x00000000ef380000)
  from space 38912K, 0% used [0x00000000ef380000,0x00000000ef380000,0x00000000f1980000)
  to   space 37376K, 0% used [0x00000000f3600000,0x00000000f3600000,0x00000000f5a80000)
 ParOldGen       total 460288K, used 300386K [0x00000000a0000000, 0x00000000bc180000, 0x00000000e0000000)
  object space 460288K, 65% used [0x00000000a0000000,0x00000000b25588a8,0x00000000bc180000)
 Metaspace       used 72262K, capacity 74542K, committed 76544K, reserved 1116160K
  class space    used 9375K, capacity 9853K, committed 10240K, reserved 1048576K
Event: 10586.194 GC heap after
Heap after GC invocations=34 (full 8):
 PSYoungGen      total 293888K, used 96K [0x00000000e0000000, 0x00000000f4d80000, 0x0000000100000000)
  eden space 269824K, 0% used [0x00000000e0000000,0x00000000e0000000,0x00000000f0780000)
  from space 24064K, 0% used [0x00000000f3600000,0x00000000f3618000,0x00000000f4d80000)
  to   space 35840K, 0% used [0x00000000f0780000,0x00000000f0780000,0x00000000f2a80000)
 ParOldGen       total 460288K, used 300386K [0x00000000a0000000, 0x00000000bc180000, 0x00000000e0000000)
  object space 460288K, 65% used [0x00000000a0000000,0x00000000b25588a8,0x00000000bc180000)
 Metaspace       used 72262K, capacity 74542K, committed 76544K, reserved 1116160K
  class space    used 9375K, capacity 9853K, committed 10240K, reserved 1048576K
}
Event: 10587.045 GC heap before
{Heap before GC invocations=35 (full 8):
 PSYoungGen      total 293888K, used 269920K [0x00000000e0000000, 0x00000000f4d80000, 0x0000000100000000)
  eden space 269824K, 100% used [0x00000000e0000000,0x00000000f0780000,0x00000000f0780000)
  from space 24064K, 0% used [0x00000000f3600000,0x00000000f3618000,0x00000000f4d80000)
  to   space 35840K, 0% used [0x00000000f0780000,0x00000000f0780000,0x00000000f2a80000)
 ParOldGen       total 460288K, used 301086K [0x00000000a0000000, 0x00000000bc180000, 0x00000000e0000000)
  object space 460288K, 65% used [0x00000000a0000000,0x00000000b2607918,0x00000000bc180000)
 Metaspace       used 72400K, capacity 74762K, committed 76544K, reserved 1116160K
  class space    used 9389K, capacity 9879K, committed 10240K, reserved 1048576K
Event: 10587.398 GC heap after
Heap after GC invocations=35 (full 8):
 PSYoungGen      total 305664K, used 34282K [0x00000000e0000000, 0x00000000f4d80000, 0x0000000100000000)
  eden space 269824K, 0% used [0x00000000e0000000,0x00000000e0000000,0x00000000f0780000)
  from space 35840K, 95% used [0x00000000f0780000,0x00000000f28faa90,0x00000000f2a80000)
  to   space 24064K, 0% used [0x00000000f3600000,0x00000000f3600000,0x00000000f4d80000)
 ParOldGen       total 833536K, used 815467K [0x00000000a0000000, 0x00000000d2e00000, 0x00000000e0000000)
  object space 833536K, 97% used [0x00000000a0000000,0x00000000d1c5ada8,0x00000000d2e00000)
 Metaspace       used 72400K, capacity 74762K, committed 76544K, reserved 1116160K
  class space    used 9389K, capacity 9879K, committed 10240K, reserved 1048576K
}
Event: 10587.398 GC heap before
{Heap before GC invocations=36 (full 9):
 PSYoungGen      total 305664K, used 34282K [0x00000000e0000000, 0x00000000f4d80000, 0x0000000100000000)
  eden space 269824K, 0% used [0x00000000e0000000,0x00000000e0000000,0x00000000f0780000)
  from space 35840K, 95% used [0x00000000f0780000,0x00000000f28faa90,0x00000000f2a80000)
  to   space 24064K, 0% used [0x00000000f3600000,0x00000000f3600000,0x00000000f4d80000)
 ParOldGen       total 833536K, used 815467K [0x00000000a0000000, 0x00000000d2e00000, 0x00000000e0000000)
  object space 833536K, 97% used [0x00000000a0000000,0x00000000d1c5ada8,0x00000000d2e00000)
 Metaspace       used 72400K, capacity 74762K, committed 76544K, reserved 1116160K
  class space    used 9389K, capacity 9879K, committed 10240K, reserved 1048576K
Event: 10587.666 GC heap after
Heap after GC invocations=36 (full 9):
 PSYoungGen      total 305664K, used 0K [0x00000000e0000000, 0x00000000f4d80000, 0x0000000100000000)
  eden space 269824K, 0% used [0x00000000e0000000,0x00000000e0000000,0x00000000f0780000)
  from space 35840K, 0% used [0x00000000f0780000,0x00000000f0780000,0x00000000f2a80000)
  to   space 24064K, 0% used [0x00000000f3600000,0x00000000f3600000,0x00000000f4d80000)
 ParOldGen       total 833536K, used 514774K [0x00000000a0000000, 0x00000000d2e00000, 0x00000000e0000000)
  object space 833536K, 61% used [0x00000000a0000000,0x00000000bf6b5940,0x00000000d2e00000)
 Metaspace       used 72400K, capacity 74762K, committed 76544K, reserved 1116160K
  class space    used 9389K, capacity 9879K, committed 10240K, reserved 1048576K
}

