# JRE version: OpenJDK Runtime Environment (8.0_202-b03) (build 1.8.0_202-release-1483-b03)
# Java VM: OpenJDK 64-Bit Server VM (25.202-b03 mixed mode windows-amd64 compressed oops)
Heap:
 PSYoungGen      total 308224K, used 144663K [0x00000000e0000000, 0x00000000f8080000, 0x0000000100000000)
  eden space 238080K, 40% used [0x00000000e0000000,0x00000000e5e249c8,0x00000000ee880000)
  from space 70144K, 68% used [0x00000000f2f80000,0x00000000f5ea15a8,0x00000000f7400000)
  to   space 72704K, 0% used [0x00000000ee880000,0x00000000ee880000,0x00000000f2f80000)
 ParOldGen       total 194048K, used 117095K [0x00000000a0000000, 0x00000000abd80000, 0x00000000e0000000)
  object space 194048K, 60% used [0x00000000a0000000,0x00000000a7259ed8,0x00000000abd80000)
 Metaspace       used 104064K, capacity 109370K, committed 111744K, reserved 1146880K
  class space    used 12901K, capacity 13905K, committed 14464K, reserved 1048576K
GC Heap History (10 events):
Event: 7692.414 GC heap before
{Heap before GC invocations=77 (full 7):
 PSYoungGen      total 245760K, used 206848K [0x00000000e0000000, 0x00000000f3800000, 0x0000000100000000)
  eden space 206848K, 100% used [0x00000000e0000000,0x00000000eca00000,0x00000000eca00000)
  from space 38912K, 0% used [0x00000000eca00000,0x00000000eca00000,0x00000000ef000000)
  to   space 53248K, 0% used [0x00000000f0400000,0x00000000f0400000,0x00000000f3800000)
 ParOldGen       total 194048K, used 111785K [0x00000000a0000000, 0x00000000abd80000, 0x00000000e0000000)
  object space 194048K, 57% used [0x00000000a0000000,0x00000000a6d2a680,0x00000000abd80000)
 Metaspace       used 102721K, capacity 107922K, committed 111744K, reserved 1146880K
  class space    used 12796K, capacity 13803K, committed 14464K, reserved 1048576K
Event: 7692.428 GC heap after
Heap after GC invocations=77 (full 7):
 PSYoungGen      total 265216K, used 2928K [0x00000000e0000000, 0x00000000f3a00000, 0x0000000100000000)
  eden space 211968K, 0% used [0x00000000e0000000,0x00000000e0000000,0x00000000ecf00000)
  from space 53248K, 5% used [0x00000000f0400000,0x00000000f06dc1f8,0x00000000f3800000)
  to   space 54272K, 0% used [0x00000000ecf00000,0x00000000ecf00000,0x00000000f0400000)
 ParOldGen       total 194048K, used 111793K [0x00000000a0000000, 0x00000000abd80000, 0x00000000e0000000)
  object space 194048K, 57% used [0x00000000a0000000,0x00000000a6d2c680,0x00000000abd80000)
 Metaspace       used 102721K, capacity 107922K, committed 111744K, reserved 1146880K
  class space    used 12796K, capacity 13803K, committed 14464K, reserved 1048576K
}
Event: 7705.697 GC heap before
{Heap before GC invocations=78 (full 7):
 PSYoungGen      total 265216K, used 214896K [0x00000000e0000000, 0x00000000f3a00000, 0x0000000100000000)
  eden space 211968K, 100% used [0x00000000e0000000,0x00000000ecf00000,0x00000000ecf00000)
  from space 53248K, 5% used [0x00000000f0400000,0x00000000f06dc1f8,0x00000000f3800000)
  to   space 54272K, 0% used [0x00000000ecf00000,0x00000000ecf00000,0x00000000f0400000)
 ParOldGen       total 194048K, used 111793K [0x00000000a0000000, 0x00000000abd80000, 0x00000000e0000000)
  object space 194048K, 57% used [0x00000000a0000000,0x00000000a6d2c680,0x00000000abd80000)
 Metaspace       used 102886K, capacity 108050K, committed 111744K, reserved 1146880K
  class space    used 12797K, capacity 13803K, committed 14464K, reserved 1048576K
Event: 7705.787 GC heap after
Heap after GC invocations=78 (full 7):
 PSYoungGen      total 266240K, used 54250K [0x00000000e0000000, 0x00000000f5780000, 0x0000000100000000)
  eden space 211968K, 0% used [0x00000000e0000000,0x00000000e0000000,0x00000000ecf00000)
  from space 54272K, 99% used [0x00000000ecf00000,0x00000000f03faa88,0x00000000f0400000)
  to   space 65024K, 0% used [0x00000000f1800000,0x00000000f1800000,0x00000000f5780000)
 ParOldGen       total 194048K, used 117087K [0x00000000a0000000, 0x00000000abd80000, 0x00000000e0000000)
  object space 194048K, 60% used [0x00000000a0000000,0x00000000a7257ed8,0x00000000abd80000)
 Metaspace       used 102886K, capacity 108050K, committed 111744K, reserved 1146880K
  class space    used 12797K, capacity 13803K, committed 14464K, reserved 1048576K
}
Event: 7721.342 GC heap before
{Heap before GC invocations=79 (full 7):
 PSYoungGen      total 266240K, used 266218K [0x00000000e0000000, 0x00000000f5780000, 0x0000000100000000)
  eden space 211968K, 100% used [0x00000000e0000000,0x00000000ecf00000,0x00000000ecf00000)
  from space 54272K, 99% used [0x00000000ecf00000,0x00000000f03faa88,0x00000000f0400000)
  to   space 65024K, 0% used [0x00000000f1800000,0x00000000f1800000,0x00000000f5780000)
 ParOldGen       total 194048K, used 117087K [0x00000000a0000000, 0x00000000abd80000, 0x00000000e0000000)
  object space 194048K, 60% used [0x00000000a0000000,0x00000000a7257ed8,0x00000000abd80000)
 Metaspace       used 103547K, capacity 108754K, committed 111744K, reserved 1146880K
  class space    used 12858K, capacity 13861K, committed 14464K, reserved 1048576K
Event: 7721.399 GC heap after
Heap after GC invocations=79 (full 7):
 PSYoungGen      total 284672K, used 42602K [0x00000000e0000000, 0x00000000f5b80000, 0x0000000100000000)
  eden space 219648K, 0% used [0x00000000e0000000,0x00000000e0000000,0x00000000ed680000)
  from space 65024K, 65% used [0x00000000f1800000,0x00000000f419aa18,0x00000000f5780000)
  to   space 67072K, 0% used [0x00000000ed680000,0x00000000ed680000,0x00000000f1800000)
 ParOldGen       total 194048K, used 117095K [0x00000000a0000000, 0x00000000abd80000, 0x00000000e0000000)
  object space 194048K, 60% used [0x00000000a0000000,0x00000000a7259ed8,0x00000000abd80000)
 Metaspace       used 103547K, capacity 108754K, committed 111744K, reserved 1146880K
  class space    used 12858K, capacity 13861K, committed 14464K, reserved 1048576K
}
Event: 7723.822 GC heap before
{Heap before GC invocations=80 (full 7):
 PSYoungGen      total 284672K, used 262250K [0x00000000e0000000, 0x00000000f5b80000, 0x0000000100000000)
  eden space 219648K, 100% used [0x00000000e0000000,0x00000000ed680000,0x00000000ed680000)
  from space 65024K, 65% used [0x00000000f1800000,0x00000000f419aa18,0x00000000f5780000)
  to   space 67072K, 0% used [0x00000000ed680000,0x00000000ed680000,0x00000000f1800000)
 ParOldGen       total 194048K, used 117095K [0x00000000a0000000, 0x00000000abd80000, 0x00000000e0000000)
  object space 194048K, 60% used [0x00000000a0000000,0x00000000a7259ed8,0x00000000abd80000)
 Metaspace       used 103864K, capacity 109084K, committed 111744K, reserved 1146880K
  class space    used 12889K, capacity 13902K, committed 14464K, reserved 1048576K
Event: 7723.899 GC heap after
Heap after GC invocations=80 (full 7):
 PSYoungGen      total 286720K, used 47470K [0x00000000e0000000, 0x00000000f7400000, 0x0000000100000000)
  eden space 219648K, 0% used [0x00000000e0000000,0x00000000e0000000,0x00000000ed680000)
  from space 67072K, 70% used [0x00000000ed680000,0x00000000f04dbb78,0x00000000f1800000)
  to   space 70144K, 0% used [0x00000000f2f80000,0x00000000f2f80000,0x00000000f7400000)
 ParOldGen       total 194048K, used 117095K [0x00000000a0000000, 0x00000000abd80000, 0x00000000e0000000)
  object space 194048K, 60% used [0x00000000a0000000,0x00000000a7259ed8,0x00000000abd80000)
 Metaspace       used 103864K, capacity 109084K, committed 111744K, reserved 1146880K
  class space    used 12889K, capacity 13902K, committed 14464K, reserved 1048576K
}
Event: 7726.378 GC heap before
{Heap before GC invocations=81 (full 7):
 PSYoungGen      total 286720K, used 267118K [0x00000000e0000000, 0x00000000f7400000, 0x0000000100000000)
  eden space 219648K, 100% used [0x00000000e0000000,0x00000000ed680000,0x00000000ed680000)
  from space 67072K, 70% used [0x00000000ed680000,0x00000000f04dbb78,0x00000000f1800000)
  to   space 70144K, 0% used [0x00000000f2f80000,0x00000000f2f80000,0x00000000f7400000)
 ParOldGen       total 194048K, used 117095K [0x00000000a0000000, 0x00000000abd80000, 0x00000000e0000000)
  object space 194048K, 60% used [0x00000000a0000000,0x00000000a7259ed8,0x00000000abd80000)
 Metaspace       used 104023K, capacity 109298K, committed 111744K, reserved 1146880K
  class space    used 12901K, capacity 13905K, committed 14464K, reserved 1048576K
Event: 7726.513 GC heap after
Heap after GC invocations=81 (full 7):
 PSYoungGen      total 308224K, used 48261K [0x00000000e0000000, 0x00000000f8080000, 0x0000000100000000)
  eden space 238080K, 0% used [0x00000000e0000000,0x00000000e0000000,0x00000000ee880000)
  from space 70144K, 68% used [0x00000000f2f80000,0x00000000f5ea15a8,0x00000000f7400000)
  to   space 72704K, 0% used [0x00000000ee880000,0x00000000ee880000,0x00000000f2f80000)
 ParOldGen       total 194048K, used 117095K [0x00000000a0000000, 0x00000000abd80000, 0x00000000e0000000)
  object space 194048K, 60% used [0x00000000a0000000,0x00000000a7259ed8,0x00000000abd80000)
 Metaspace       used 104023K, capacity 109298K, committed 111744K, reserved 1146880K
  class space    used 12901K, capacity 13905K, committed 14464K, reserved 1048576K
}

