# JRE version: OpenJDK Runtime Environment (8.0_202-b03) (build 1.8.0_202-release-1483-b03)
# Java VM: OpenJDK 64-Bit Server VM (25.202-b03 mixed mode windows-amd64 compressed oops)
Heap:
 PSYoungGen      total 267776K, used 6892K [0x00000000e0000000, 0x00000000f4780000, 0x0000000100000000)
  eden space 209408K, 3% used [0x00000000e0000000,0x00000000e06bb258,0x00000000ecc80000)
  from space 58368K, 0% used [0x00000000f0e80000,0x00000000f0e80000,0x00000000f4780000)
  to   space 62976K, 0% used [0x00000000ecc80000,0x00000000ecc80000,0x00000000f0a00000)
 ParOldGen       total 175616K, used 171130K [0x00000000a0000000, 0x00000000aab80000, 0x00000000e0000000)
  object space 175616K, 97% used [0x00000000a0000000,0x00000000aa71eb00,0x00000000aab80000)
 Metaspace       used 69826K, capacity 71936K, committed 72152K, reserved 1112064K
  class space    used 9110K, capacity 9667K, committed 9728K, reserved 1048576K
GC Heap History (10 events):
Event: 196.990 GC heap before
{Heap before GC invocations=21 (full 3):
 PSYoungGen      total 223744K, used 221010K [0x00000000e0000000, 0x00000000eff80000, 0x0000000100000000)
  eden space 204288K, 98% used [0x00000000e0000000,0x00000000ec4d86d0,0x00000000ec780000)
  from space 19456K, 99% used [0x00000000ec900000,0x00000000edbfc1c8,0x00000000edc00000)
  to   space 28672K, 0% used [0x00000000ee380000,0x00000000ee380000,0x00000000eff80000)
 ParOldGen       total 85504K, used 47097K [0x00000000a0000000, 0x00000000a5380000, 0x00000000e0000000)
  object space 85504K, 55% used [0x00000000a0000000,0x00000000a2dfe668,0x00000000a5380000)
 Metaspace       used 66599K, capacity 68742K, committed 68952K, reserved 1107968K
  class space    used 8915K, capacity 9485K, committed 9600K, reserved 1048576K
Event: 197.133 GC heap after
Heap after GC invocations=21 (full 3):
 PSYoungGen      total 215040K, used 28654K [0x00000000e0000000, 0x00000000f3600000, 0x0000000100000000)
  eden space 186368K, 0% used [0x00000000e0000000,0x00000000e0000000,0x00000000eb600000)
  from space 28672K, 99% used [0x00000000ee380000,0x00000000eff7baa0,0x00000000eff80000)
  to   space 46592K, 0% used [0x00000000eb600000,0x00000000eb600000,0x00000000ee380000)
 ParOldGen       total 85504K, used 81588K [0x00000000a0000000, 0x00000000a5380000, 0x00000000e0000000)
  object space 85504K, 95% used [0x00000000a0000000,0x00000000a4fad260,0x00000000a5380000)
 Metaspace       used 66599K, capacity 68742K, committed 68952K, reserved 1107968K
  class space    used 8915K, capacity 9485K, committed 9600K, reserved 1048576K
}
Event: 197.133 GC heap before
{Heap before GC invocations=22 (full 4):
 PSYoungGen      total 215040K, used 28654K [0x00000000e0000000, 0x00000000f3600000, 0x0000000100000000)
  eden space 186368K, 0% used [0x00000000e0000000,0x00000000e0000000,0x00000000eb600000)
  from space 28672K, 99% used [0x00000000ee380000,0x00000000eff7baa0,0x00000000eff80000)
  to   space 46592K, 0% used [0x00000000eb600000,0x00000000eb600000,0x00000000ee380000)
 ParOldGen       total 85504K, used 81588K [0x00000000a0000000, 0x00000000a5380000, 0x00000000e0000000)
  object space 85504K, 95% used [0x00000000a0000000,0x00000000a4fad260,0x00000000a5380000)
 Metaspace       used 66599K, capacity 68742K, committed 68952K, reserved 1107968K
  class space    used 8915K, capacity 9485K, committed 9600K, reserved 1048576K
Event: 198.083 GC heap after
Heap after GC invocations=22 (full 4):
 PSYoungGen      total 215040K, used 7826K [0x00000000e0000000, 0x00000000f3600000, 0x0000000100000000)
  eden space 186368K, 0% used [0x00000000e0000000,0x00000000e0000000,0x00000000eb600000)
  from space 28672K, 27% used [0x00000000ee380000,0x00000000eeb24b78,0x00000000eff80000)
  to   space 46592K, 0% used [0x00000000eb600000,0x00000000eb600000,0x00000000ee380000)
 ParOldGen       total 175616K, used 85381K [0x00000000a0000000, 0x00000000aab80000, 0x00000000e0000000)
  object space 175616K, 48% used [0x00000000a0000000,0x00000000a53617f0,0x00000000aab80000)
 Metaspace       used 66570K, capacity 68662K, committed 68952K, reserved 1107968K
  class space    used 8906K, capacity 9469K, committed 9600K, reserved 1048576K
}
Event: 208.386 GC heap before
{Heap before GC invocations=23 (full 4):
 PSYoungGen      total 215040K, used 194194K [0x00000000e0000000, 0x00000000f3600000, 0x0000000100000000)
  eden space 186368K, 100% used [0x00000000e0000000,0x00000000eb600000,0x00000000eb600000)
  from space 28672K, 27% used [0x00000000ee380000,0x00000000eeb24b78,0x00000000eff80000)
  to   space 46592K, 0% used [0x00000000eb600000,0x00000000eb600000,0x00000000ee380000)
 ParOldGen       total 175616K, used 85381K [0x00000000a0000000, 0x00000000aab80000, 0x00000000e0000000)
  object space 175616K, 48% used [0x00000000a0000000,0x00000000a53617f0,0x00000000aab80000)
 Metaspace       used 67857K, capacity 70016K, committed 70232K, reserved 1110016K
  class space    used 8976K, capacity 9539K, committed 9600K, reserved 1048576K
Event: 208.548 GC heap after
Heap after GC invocations=23 (full 4):
 PSYoungGen      total 232960K, used 46572K [0x00000000e0000000, 0x00000000f4e80000, 0x0000000100000000)
  eden space 186368K, 0% used [0x00000000e0000000,0x00000000e0000000,0x00000000eb600000)
  from space 46592K, 99% used [0x00000000eb600000,0x00000000ee37b2e8,0x00000000ee380000)
  to   space 65536K, 0% used [0x00000000f0e80000,0x00000000f0e80000,0x00000000f4e80000)
 ParOldGen       total 175616K, used 115090K [0x00000000a0000000, 0x00000000aab80000, 0x00000000e0000000)
  object space 175616K, 65% used [0x00000000a0000000,0x00000000a70649d0,0x00000000aab80000)
 Metaspace       used 67857K, capacity 70016K, committed 70232K, reserved 1110016K
  class space    used 8976K, capacity 9539K, committed 9600K, reserved 1048576K
}
Event: 243.722 GC heap before
{Heap before GC invocations=24 (full 4):
 PSYoungGen      total 232960K, used 232940K [0x00000000e0000000, 0x00000000f4e80000, 0x0000000100000000)
  eden space 186368K, 100% used [0x00000000e0000000,0x00000000eb600000,0x00000000eb600000)
  from space 46592K, 99% used [0x00000000eb600000,0x00000000ee37b2e8,0x00000000ee380000)
  to   space 65536K, 0% used [0x00000000f0e80000,0x00000000f0e80000,0x00000000f4e80000)
 ParOldGen       total 175616K, used 115090K [0x00000000a0000000, 0x00000000aab80000, 0x00000000e0000000)
  object space 175616K, 65% used [0x00000000a0000000,0x00000000a70649d0,0x00000000aab80000)
 Metaspace       used 69825K, capacity 71936K, committed 72152K, reserved 1112064K
  class space    used 9110K, capacity 9667K, committed 9728K, reserved 1048576K
Event: 243.900 GC heap after
Heap after GC invocations=24 (full 4):
 PSYoungGen      total 267776K, used 25667K [0x00000000e0000000, 0x00000000f4780000, 0x0000000100000000)
  eden space 209408K, 0% used [0x00000000e0000000,0x00000000e0000000,0x00000000ecc80000)
  from space 58368K, 43% used [0x00000000f0e80000,0x00000000f2790e00,0x00000000f4780000)
  to   space 62976K, 0% used [0x00000000ecc80000,0x00000000ecc80000,0x00000000f0a00000)
 ParOldGen       total 175616K, used 161225K [0x00000000a0000000, 0x00000000aab80000, 0x00000000e0000000)
  object space 175616K, 91% used [0x00000000a0000000,0x00000000a9d72728,0x00000000aab80000)
 Metaspace       used 69825K, capacity 71936K, committed 72152K, reserved 1112064K
  class space    used 9110K, capacity 9667K, committed 9728K, reserved 1048576K
}
Event: 243.901 GC heap before
{Heap before GC invocations=25 (full 5):
 PSYoungGen      total 267776K, used 25667K [0x00000000e0000000, 0x00000000f4780000, 0x0000000100000000)
  eden space 209408K, 0% used [0x00000000e0000000,0x00000000e0000000,0x00000000ecc80000)
  from space 58368K, 43% used [0x00000000f0e80000,0x00000000f2790e00,0x00000000f4780000)
  to   space 62976K, 0% used [0x00000000ecc80000,0x00000000ecc80000,0x00000000f0a00000)
 ParOldGen       total 175616K, used 161225K [0x00000000a0000000, 0x00000000aab80000, 0x00000000e0000000)
  object space 175616K, 91% used [0x00000000a0000000,0x00000000a9d72728,0x00000000aab80000)
 Metaspace       used 69825K, capacity 71936K, committed 72152K, reserved 1112064K
  class space    used 9110K, capacity 9667K, committed 9728K, reserved 1048576K
Event: 245.450 GC heap after
Heap after GC invocations=25 (full 5):
 PSYoungGen      total 267776K, used 0K [0x00000000e0000000, 0x00000000f4780000, 0x0000000100000000)
  eden space 209408K, 0% used [0x00000000e0000000,0x00000000e0000000,0x00000000ecc80000)
  from space 58368K, 0% used [0x00000000f0e80000,0x00000000f0e80000,0x00000000f4780000)
  to   space 62976K, 0% used [0x00000000ecc80000,0x00000000ecc80000,0x00000000f0a00000)
 ParOldGen       total 175616K, used 171130K [0x00000000a0000000, 0x00000000aab80000, 0x00000000e0000000)
  object space 175616K, 97% used [0x00000000a0000000,0x00000000aa71eb00,0x00000000aab80000)
 Metaspace       used 69825K, capacity 71936K, committed 72152K, reserved 1112064K
  class space    used 9110K, capacity 9667K, committed 9728K, reserved 1048576K
}

