# JRE version: OpenJDK Runtime Environment (8.0_202-b03) (build 1.8.0_202-release-1483-b03)
# Java VM: OpenJDK 64-Bit Server VM (25.202-b03 mixed mode windows-amd64 compressed oops)
Heap:
 PSYoungGen      total 285184K, used 12649K [0x00000000e0000000, 0x00000000f7a80000, 0x0000000100000000)
  eden space 265216K, 4% used [0x00000000e0000000,0x00000000e0c5a440,0x00000000f0300000)
  from space 19968K, 0% used [0x00000000f0300000,0x00000000f0300000,0x00000000f1680000)
  to   space 44544K, 0% used [0x00000000f4f00000,0x00000000f4f00000,0x00000000f7a80000)
 ParOldGen       total 160768K, used 124464K [0x00000000a0000000, 0x00000000a9d00000, 0x00000000e0000000)
  object space 160768K, 77% used [0x00000000a0000000,0x00000000a798c228,0x00000000a9d00000)
 Metaspace       used 90320K, capacity 93862K, committed 94208K, reserved 1130496K
  class space    used 11495K, capacity 12205K, committed 12288K, reserved 1048576K
GC Heap History (10 events):
Event: 1907.856 GC heap before
{Heap before GC invocations=74 (full 5):
 PSYoungGen      total 257536K, used 238560K [0x00000000e0000000, 0x00000000f1080000, 0x0000000100000000)
  eden space 235520K, 100% used [0x00000000e0000000,0x00000000ee600000,0x00000000ee600000)
  from space 22016K, 13% used [0x00000000efb00000,0x00000000efdf80a0,0x00000000f1080000)
  to   space 21504K, 0% used [0x00000000ee600000,0x00000000ee600000,0x00000000efb00000)
 ParOldGen       total 151552K, used 138006K [0x00000000a0000000, 0x00000000a9400000, 0x00000000e0000000)
  object space 151552K, 91% used [0x00000000a0000000,0x00000000a86c5a60,0x00000000a9400000)
 Metaspace       used 89572K, capacity 93062K, committed 93696K, reserved 1130496K
  class space    used 11430K, capacity 12151K, committed 12288K, reserved 1048576K
Event: 1907.871 GC heap after
Heap after GC invocations=74 (full 5):
 PSYoungGen      total 257024K, used 1152K [0x00000000e0000000, 0x00000000f3080000, 0x0000000100000000)
  eden space 235520K, 0% used [0x00000000e0000000,0x00000000e0000000,0x00000000ee600000)
  from space 21504K, 5% used [0x00000000ee600000,0x00000000ee720010,0x00000000efb00000)
  to   space 20480K, 0% used [0x00000000f1c80000,0x00000000f1c80000,0x00000000f3080000)
 ParOldGen       total 151552K, used 140572K [0x00000000a0000000, 0x00000000a9400000, 0x00000000e0000000)
  object space 151552K, 92% used [0x00000000a0000000,0x00000000a8947140,0x00000000a9400000)
 Metaspace       used 89572K, capacity 93062K, committed 93696K, reserved 1130496K
  class space    used 11430K, capacity 12151K, committed 12288K, reserved 1048576K
}
Event: 1907.871 GC heap before
{Heap before GC invocations=75 (full 6):
 PSYoungGen      total 257024K, used 1152K [0x00000000e0000000, 0x00000000f3080000, 0x0000000100000000)
  eden space 235520K, 0% used [0x00000000e0000000,0x00000000e0000000,0x00000000ee600000)
  from space 21504K, 5% used [0x00000000ee600000,0x00000000ee720010,0x00000000efb00000)
  to   space 20480K, 0% used [0x00000000f1c80000,0x00000000f1c80000,0x00000000f3080000)
 ParOldGen       total 151552K, used 140572K [0x00000000a0000000, 0x00000000a9400000, 0x00000000e0000000)
  object space 151552K, 92% used [0x00000000a0000000,0x00000000a8947140,0x00000000a9400000)
 Metaspace       used 89572K, capacity 93062K, committed 93696K, reserved 1130496K
  class space    used 11430K, capacity 12151K, committed 12288K, reserved 1048576K
Event: 1908.385 GC heap after
Heap after GC invocations=75 (full 6):
 PSYoungGen      total 257024K, used 0K [0x00000000e0000000, 0x00000000f3080000, 0x0000000100000000)
  eden space 235520K, 0% used [0x00000000e0000000,0x00000000e0000000,0x00000000ee600000)
  from space 21504K, 0% used [0x00000000ee600000,0x00000000ee600000,0x00000000efb00000)
  to   space 20480K, 0% used [0x00000000f1c80000,0x00000000f1c80000,0x00000000f3080000)
 ParOldGen       total 160768K, used 85714K [0x00000000a0000000, 0x00000000a9d00000, 0x00000000e0000000)
  object space 160768K, 53% used [0x00000000a0000000,0x00000000a53b4a10,0x00000000a9d00000)
 Metaspace       used 89572K, capacity 93062K, committed 93696K, reserved 1130496K
  class space    used 11430K, capacity 12151K, committed 12288K, reserved 1048576K
}
Event: 1924.704 GC heap before
{Heap before GC invocations=76 (full 6):
 PSYoungGen      total 257024K, used 234918K [0x00000000e0000000, 0x00000000f3080000, 0x0000000100000000)
  eden space 235520K, 99% used [0x00000000e0000000,0x00000000ee5698d8,0x00000000ee600000)
  from space 21504K, 0% used [0x00000000ee600000,0x00000000ee600000,0x00000000efb00000)
  to   space 20480K, 0% used [0x00000000f1c80000,0x00000000f1c80000,0x00000000f3080000)
 ParOldGen       total 160768K, used 85714K [0x00000000a0000000, 0x00000000a9d00000, 0x00000000e0000000)
  object space 160768K, 53% used [0x00000000a0000000,0x00000000a53b4a10,0x00000000a9d00000)
 Metaspace       used 89827K, capacity 93328K, committed 93696K, reserved 1130496K
  class space    used 11459K, capacity 12192K, committed 12288K, reserved 1048576K
Event: 1924.721 GC heap after
Heap after GC invocations=76 (full 6):
 PSYoungGen      total 279040K, used 8016K [0x00000000e0000000, 0x00000000f2a00000, 0x0000000100000000)
  eden space 265216K, 0% used [0x00000000e0000000,0x00000000e0000000,0x00000000f0300000)
  from space 13824K, 57% used [0x00000000f1c80000,0x00000000f2454088,0x00000000f2a00000)
  to   space 19968K, 0% used [0x00000000f0300000,0x00000000f0300000,0x00000000f1680000)
 ParOldGen       total 160768K, used 85722K [0x00000000a0000000, 0x00000000a9d00000, 0x00000000e0000000)
  object space 160768K, 53% used [0x00000000a0000000,0x00000000a53b6a10,0x00000000a9d00000)
 Metaspace       used 89827K, capacity 93328K, committed 93696K, reserved 1130496K
  class space    used 11459K, capacity 12192K, committed 12288K, reserved 1048576K
}
Event: 1935.333 GC heap before
{Heap before GC invocations=77 (full 6):
 PSYoungGen      total 279040K, used 273232K [0x00000000e0000000, 0x00000000f2a00000, 0x0000000100000000)
  eden space 265216K, 100% used [0x00000000e0000000,0x00000000f0300000,0x00000000f0300000)
  from space 13824K, 57% used [0x00000000f1c80000,0x00000000f2454088,0x00000000f2a00000)
  to   space 19968K, 0% used [0x00000000f0300000,0x00000000f0300000,0x00000000f1680000)
 ParOldGen       total 160768K, used 85722K [0x00000000a0000000, 0x00000000a9d00000, 0x00000000e0000000)
  object space 160768K, 53% used [0x00000000a0000000,0x00000000a53b6a10,0x00000000a9d00000)
 Metaspace       used 90311K, capacity 93830K, committed 94208K, reserved 1130496K
  class space    used 11498K, capacity 12211K, committed 12288K, reserved 1048576K
Event: 1935.511 GC heap after
Heap after GC invocations=77 (full 6):
 PSYoungGen      total 285184K, used 19949K [0x00000000e0000000, 0x00000000f7a80000, 0x0000000100000000)
  eden space 265216K, 0% used [0x00000000e0000000,0x00000000e0000000,0x00000000f0300000)
  from space 19968K, 99% used [0x00000000f0300000,0x00000000f167b538,0x00000000f1680000)
  to   space 44544K, 0% used [0x00000000f4f00000,0x00000000f4f00000,0x00000000f7a80000)
 ParOldGen       total 160768K, used 141693K [0x00000000a0000000, 0x00000000a9d00000, 0x00000000e0000000)
  object space 160768K, 88% used [0x00000000a0000000,0x00000000a8a5f588,0x00000000a9d00000)
 Metaspace       used 90311K, capacity 93830K, committed 94208K, reserved 1130496K
  class space    used 11498K, capacity 12211K, committed 12288K, reserved 1048576K
}
Event: 1935.511 GC heap before
{Heap before GC invocations=78 (full 7):
 PSYoungGen      total 285184K, used 19949K [0x00000000e0000000, 0x00000000f7a80000, 0x0000000100000000)
  eden space 265216K, 0% used [0x00000000e0000000,0x00000000e0000000,0x00000000f0300000)
  from space 19968K, 99% used [0x00000000f0300000,0x00000000f167b538,0x00000000f1680000)
  to   space 44544K, 0% used [0x00000000f4f00000,0x00000000f4f00000,0x00000000f7a80000)
 ParOldGen       total 160768K, used 141693K [0x00000000a0000000, 0x00000000a9d00000, 0x00000000e0000000)
  object space 160768K, 88% used [0x00000000a0000000,0x00000000a8a5f588,0x00000000a9d00000)
 Metaspace       used 90311K, capacity 93830K, committed 94208K, reserved 1130496K
  class space    used 11498K, capacity 12211K, committed 12288K, reserved 1048576K
Event: 1936.637 GC heap after
Heap after GC invocations=78 (full 7):
 PSYoungGen      total 285184K, used 0K [0x00000000e0000000, 0x00000000f7a80000, 0x0000000100000000)
  eden space 265216K, 0% used [0x00000000e0000000,0x00000000e0000000,0x00000000f0300000)
  from space 19968K, 0% used [0x00000000f0300000,0x00000000f0300000,0x00000000f1680000)
  to   space 44544K, 0% used [0x00000000f4f00000,0x00000000f4f00000,0x00000000f7a80000)
 ParOldGen       total 160768K, used 124464K [0x00000000a0000000, 0x00000000a9d00000, 0x00000000e0000000)
  object space 160768K, 77% used [0x00000000a0000000,0x00000000a798c228,0x00000000a9d00000)
 Metaspace       used 90301K, capacity 93798K, committed 94208K, reserved 1130496K
  class space    used 11495K, capacity 12205K, committed 12288K, reserved 1048576K
}

