# JRE version: OpenJDK Runtime Environment (8.0_202-b03) (build 1.8.0_202-release-1483-b03)
# Java VM: OpenJDK 64-Bit Server VM (25.202-b03 mixed mode windows-amd64 compressed oops)
Heap:
 PSYoungGen      total 324608K, used 59188K [0x00000000e0000000, 0x00000000fbc00000, 0x0000000100000000)
  eden space 260608K, 5% used [0x00000000e0000000,0x00000000e0dad050,0x00000000efe80000)
  from space 64000K, 70% used [0x00000000efe80000,0x00000000f2aa0388,0x00000000f3d00000)
  to   space 71680K, 0% used [0x00000000f7600000,0x00000000f7600000,0x00000000fbc00000)
 ParOldGen       total 176128K, used 64793K [0x00000000a0000000, 0x00000000aac00000, 0x00000000e0000000)
  object space 176128K, 36% used [0x00000000a0000000,0x00000000a3f467b8,0x00000000aac00000)
 Metaspace       used 112632K, capacity 117568K, committed 118440K, reserved 1153024K
  class space    used 14725K, capacity 15689K, committed 15784K, reserved 1048576K
GC Heap History (10 events):
Event: 4762.378 GC heap before
{Heap before GC invocations=31 (full 4):
 PSYoungGen      total 290304K, used 277945K [0x00000000e0000000, 0x00000000f5e00000, 0x0000000100000000)
  eden space 235008K, 100% used [0x00000000e0000000,0x00000000ee580000,0x00000000ee580000)
  from space 55296K, 77% used [0x00000000f2000000,0x00000000f49ee530,0x00000000f5600000)
  to   space 59904K, 0% used [0x00000000ee580000,0x00000000ee580000,0x00000000f2000000)
 ParOldGen       total 176128K, used 64769K [0x00000000a0000000, 0x00000000aac00000, 0x00000000e0000000)
  object space 176128K, 36% used [0x00000000a0000000,0x00000000a3f407b8,0x00000000aac00000)
 Metaspace       used 112122K, capacity 117006K, committed 117928K, reserved 1150976K
  class space    used 14681K, capacity 15656K, committed 15784K, reserved 1048576K
Event: 4762.457 GC heap after
Heap after GC invocations=31 (full 4):
 PSYoungGen      total 294912K, used 39571K [0x00000000e0000000, 0x00000000f7980000, 0x0000000100000000)
  eden space 235008K, 0% used [0x00000000e0000000,0x00000000e0000000,0x00000000ee580000)
  from space 59904K, 66% used [0x00000000ee580000,0x00000000f0c24c28,0x00000000f2000000)
  to   space 61952K, 0% used [0x00000000f3d00000,0x00000000f3d00000,0x00000000f7980000)
 ParOldGen       total 176128K, used 64777K [0x00000000a0000000, 0x00000000aac00000, 0x00000000e0000000)
  object space 176128K, 36% used [0x00000000a0000000,0x00000000a3f427b8,0x00000000aac00000)
 Metaspace       used 112122K, capacity 117006K, committed 117928K, reserved 1150976K
  class space    used 14681K, capacity 15656K, committed 15784K, reserved 1048576K
}
Event: 4769.708 GC heap before
{Heap before GC invocations=32 (full 4):
 PSYoungGen      total 294912K, used 274579K [0x00000000e0000000, 0x00000000f7980000, 0x0000000100000000)
  eden space 235008K, 100% used [0x00000000e0000000,0x00000000ee580000,0x00000000ee580000)
  from space 59904K, 66% used [0x00000000ee580000,0x00000000f0c24c28,0x00000000f2000000)
  to   space 61952K, 0% used [0x00000000f3d00000,0x00000000f3d00000,0x00000000f7980000)
 ParOldGen       total 176128K, used 64777K [0x00000000a0000000, 0x00000000aac00000, 0x00000000e0000000)
  object space 176128K, 36% used [0x00000000a0000000,0x00000000a3f427b8,0x00000000aac00000)
 Metaspace       used 112219K, capacity 117142K, committed 118184K, reserved 1150976K
  class space    used 14681K, capacity 15656K, committed 15784K, reserved 1048576K
Event: 4769.778 GC heap after
Heap after GC invocations=32 (full 4):
 PSYoungGen      total 322560K, used 41616K [0x00000000e0000000, 0x00000000f7e00000, 0x0000000100000000)
  eden space 260608K, 0% used [0x00000000e0000000,0x00000000e0000000,0x00000000efe80000)
  from space 61952K, 67% used [0x00000000f3d00000,0x00000000f65a4060,0x00000000f7980000)
  to   space 64000K, 0% used [0x00000000efe80000,0x00000000efe80000,0x00000000f3d00000)
 ParOldGen       total 176128K, used 64785K [0x00000000a0000000, 0x00000000aac00000, 0x00000000e0000000)
  object space 176128K, 36% used [0x00000000a0000000,0x00000000a3f447b8,0x00000000aac00000)
 Metaspace       used 112219K, capacity 117142K, committed 118184K, reserved 1150976K
  class space    used 14681K, capacity 15656K, committed 15784K, reserved 1048576K
}
Event: 4773.120 GC heap before
{Heap before GC invocations=33 (full 4):
 PSYoungGen      total 322560K, used 302224K [0x00000000e0000000, 0x00000000f7e00000, 0x0000000100000000)
  eden space 260608K, 100% used [0x00000000e0000000,0x00000000efe80000,0x00000000efe80000)
  from space 61952K, 67% used [0x00000000f3d00000,0x00000000f65a4060,0x00000000f7980000)
  to   space 64000K, 0% used [0x00000000efe80000,0x00000000efe80000,0x00000000f3d00000)
 ParOldGen       total 176128K, used 64785K [0x00000000a0000000, 0x00000000aac00000, 0x00000000e0000000)
  object space 176128K, 36% used [0x00000000a0000000,0x00000000a3f447b8,0x00000000aac00000)
 Metaspace       used 112621K, capacity 117562K, committed 118440K, reserved 1153024K
  class space    used 14725K, capacity 15688K, committed 15784K, reserved 1048576K
Event: 4773.217 GC heap after
Heap after GC invocations=33 (full 4):
 PSYoungGen      total 324608K, used 49531K [0x00000000e0000000, 0x00000000f7e00000, 0x0000000100000000)
  eden space 260608K, 0% used [0x00000000e0000000,0x00000000e0000000,0x00000000efe80000)
  from space 64000K, 77% used [0x00000000efe80000,0x00000000f2edefd0,0x00000000f3d00000)
  to   space 61952K, 0% used [0x00000000f3d00000,0x00000000f3d00000,0x00000000f7980000)
 ParOldGen       total 176128K, used 64785K [0x00000000a0000000, 0x00000000aac00000, 0x00000000e0000000)
  object space 176128K, 36% used [0x00000000a0000000,0x00000000a3f447b8,0x00000000aac00000)
 Metaspace       used 112621K, capacity 117562K, committed 118440K, reserved 1153024K
  class space    used 14725K, capacity 15688K, committed 15784K, reserved 1048576K
}
Event: 4775.386 GC heap before
{Heap before GC invocations=34 (full 4):
 PSYoungGen      total 324608K, used 310139K [0x00000000e0000000, 0x00000000f7e00000, 0x0000000100000000)
  eden space 260608K, 100% used [0x00000000e0000000,0x00000000efe80000,0x00000000efe80000)
  from space 64000K, 77% used [0x00000000efe80000,0x00000000f2edefd0,0x00000000f3d00000)
  to   space 61952K, 0% used [0x00000000f3d00000,0x00000000f3d00000,0x00000000f7980000)
 ParOldGen       total 176128K, used 64785K [0x00000000a0000000, 0x00000000aac00000, 0x00000000e0000000)
  object space 176128K, 36% used [0x00000000a0000000,0x00000000a3f447b8,0x00000000aac00000)
 Metaspace       used 112626K, capacity 117568K, committed 118440K, reserved 1153024K
  class space    used 14725K, capacity 15689K, committed 15784K, reserved 1048576K
Event: 4775.439 GC heap after
Heap after GC invocations=34 (full 4):
 PSYoungGen      total 322560K, used 44855K [0x00000000e0000000, 0x00000000f7e00000, 0x0000000100000000)
  eden space 260608K, 0% used [0x00000000e0000000,0x00000000e0000000,0x00000000efe80000)
  from space 61952K, 72% used [0x00000000f3d00000,0x00000000f68cdfa8,0x00000000f7980000)
  to   space 64000K, 0% used [0x00000000efe80000,0x00000000efe80000,0x00000000f3d00000)
 ParOldGen       total 176128K, used 64793K [0x00000000a0000000, 0x00000000aac00000, 0x00000000e0000000)
  object space 176128K, 36% used [0x00000000a0000000,0x00000000a3f467b8,0x00000000aac00000)
 Metaspace       used 112626K, capacity 117568K, committed 118440K, reserved 1153024K
  class space    used 14725K, capacity 15689K, committed 15784K, reserved 1048576K
}
Event: 4776.430 GC heap before
{Heap before GC invocations=35 (full 4):
 PSYoungGen      total 322560K, used 305463K [0x00000000e0000000, 0x00000000f7e00000, 0x0000000100000000)
  eden space 260608K, 100% used [0x00000000e0000000,0x00000000efe80000,0x00000000efe80000)
  from space 61952K, 72% used [0x00000000f3d00000,0x00000000f68cdfa8,0x00000000f7980000)
  to   space 64000K, 0% used [0x00000000efe80000,0x00000000efe80000,0x00000000f3d00000)
 ParOldGen       total 176128K, used 64793K [0x00000000a0000000, 0x00000000aac00000, 0x00000000e0000000)
  object space 176128K, 36% used [0x00000000a0000000,0x00000000a3f467b8,0x00000000aac00000)
 Metaspace       used 112631K, capacity 117568K, committed 118440K, reserved 1153024K
  class space    used 14725K, capacity 15689K, committed 15784K, reserved 1048576K
Event: 4776.483 GC heap after
Heap after GC invocations=35 (full 4):
 PSYoungGen      total 324608K, used 45184K [0x00000000e0000000, 0x00000000fbc00000, 0x0000000100000000)
  eden space 260608K, 0% used [0x00000000e0000000,0x00000000e0000000,0x00000000efe80000)
  from space 64000K, 70% used [0x00000000efe80000,0x00000000f2aa0388,0x00000000f3d00000)
  to   space 71680K, 0% used [0x00000000f7600000,0x00000000f7600000,0x00000000fbc00000)
 ParOldGen       total 176128K, used 64793K [0x00000000a0000000, 0x00000000aac00000, 0x00000000e0000000)
  object space 176128K, 36% used [0x00000000a0000000,0x00000000a3f467b8,0x00000000aac00000)
 Metaspace       used 112631K, capacity 117568K, committed 118440K, reserved 1153024K
  class space    used 14725K, capacity 15689K, committed 15784K, reserved 1048576K
}

