# JRE version: OpenJDK Runtime Environment (8.0_202-b03) (build 1.8.0_202-release-1483-b03)
# Java VM: OpenJDK 64-Bit Server VM (25.202-b03 mixed mode windows-amd64 compressed oops)
Heap:
 PSYoungGen      total 347648K, used 290648K [0x00000000e0000000, 0x00000000f9400000, 0x0000000100000000)
  eden space 285696K, 100% used [0x00000000e0000000,0x00000000f1700000,0x00000000f1700000)
  from space 61952K, 7% used [0x00000000f5780000,0x00000000f5c56118,0x00000000f9400000)
  to   space 64000K, 2% used [0x00000000f1700000,0x00000000f1888000,0x00000000f5580000)
 ParOldGen       total 237056K, used 211107K [0x00000000a0000000, 0x00000000ae780000, 0x00000000e0000000)
  object space 237056K, 89% used [0x00000000a0000000,0x00000000ace28d68,0x00000000ae780000)
 Metaspace       used 114074K, capacity 121048K, committed 121256K, reserved 1155072K
  class space    used 14333K, capacity 15633K, committed 15784K, reserved 1048576K
GC Heap History (10 events):
Event: 5911.645 GC heap before
{Heap before GC invocations=97 (full 9):
 PSYoungGen      total 247296K, used 207893K [0x00000000e0000000, 0x00000000f4e00000, 0x0000000100000000)
  eden space 176128K, 100% used [0x00000000e0000000,0x00000000eac00000,0x00000000eac00000)
  from space 71168K, 44% used [0x00000000eac00000,0x00000000ecb05488,0x00000000ef180000)
  to   space 67584K, 0% used [0x00000000f0c00000,0x00000000f0c00000,0x00000000f4e00000)
 ParOldGen       total 237056K, used 174763K [0x00000000a0000000, 0x00000000ae780000, 0x00000000e0000000)
  object space 237056K, 73% used [0x00000000a0000000,0x00000000aaaaae58,0x00000000ae780000)
 Metaspace       used 113569K, capacity 120488K, committed 120744K, reserved 1155072K
  class space    used 14302K, capacity 15581K, committed 15784K, reserved 1048576K
Event: 5911.750 GC heap after
Heap after GC invocations=97 (full 9):
 PSYoungGen      total 273408K, used 19883K [0x00000000e0000000, 0x00000000f4c00000, 0x0000000100000000)
  eden space 207872K, 0% used [0x00000000e0000000,0x00000000e0000000,0x00000000ecb00000)
  from space 65536K, 30% used [0x00000000f0c00000,0x00000000f1f6aeb8,0x00000000f4c00000)
  to   space 66048K, 0% used [0x00000000ecb00000,0x00000000ecb00000,0x00000000f0b80000)
 ParOldGen       total 237056K, used 187138K [0x00000000a0000000, 0x00000000ae780000, 0x00000000e0000000)
  object space 237056K, 78% used [0x00000000a0000000,0x00000000ab6c0be8,0x00000000ae780000)
 Metaspace       used 113569K, capacity 120488K, committed 120744K, reserved 1155072K
  class space    used 14302K, capacity 15581K, committed 15784K, reserved 1048576K
}
Event: 5913.556 GC heap before
{Heap before GC invocations=98 (full 9):
 PSYoungGen      total 273408K, used 227755K [0x00000000e0000000, 0x00000000f4c00000, 0x0000000100000000)
  eden space 207872K, 100% used [0x00000000e0000000,0x00000000ecb00000,0x00000000ecb00000)
  from space 65536K, 30% used [0x00000000f0c00000,0x00000000f1f6aeb8,0x00000000f4c00000)
  to   space 66048K, 0% used [0x00000000ecb00000,0x00000000ecb00000,0x00000000f0b80000)
 ParOldGen       total 237056K, used 187138K [0x00000000a0000000, 0x00000000ae780000, 0x00000000e0000000)
  object space 237056K, 78% used [0x00000000a0000000,0x00000000ab6c0be8,0x00000000ae780000)
 Metaspace       used 113714K, capacity 120656K, committed 121000K, reserved 1155072K
  class space    used 14302K, capacity 15581K, committed 15784K, reserved 1048576K
Event: 5913.624 GC heap after
Heap after GC invocations=98 (full 9):
 PSYoungGen      total 273920K, used 6825K [0x00000000e0000000, 0x00000000f7080000, 0x0000000100000000)
  eden space 207872K, 0% used [0x00000000e0000000,0x00000000e0000000,0x00000000ecb00000)
  from space 66048K, 10% used [0x00000000ecb00000,0x00000000ed1aa790,0x00000000f0b80000)
  to   space 66048K, 0% used [0x00000000f3000000,0x00000000f3000000,0x00000000f7080000)
 ParOldGen       total 237056K, used 199822K [0x00000000a0000000, 0x00000000ae780000, 0x00000000e0000000)
  object space 237056K, 84% used [0x00000000a0000000,0x00000000ac323818,0x00000000ae780000)
 Metaspace       used 113714K, capacity 120656K, committed 121000K, reserved 1155072K
  class space    used 14302K, capacity 15581K, committed 15784K, reserved 1048576K
}
Event: 5915.242 GC heap before
{Heap before GC invocations=99 (full 9):
 PSYoungGen      total 273920K, used 214697K [0x00000000e0000000, 0x00000000f7080000, 0x0000000100000000)
  eden space 207872K, 100% used [0x00000000e0000000,0x00000000ecb00000,0x00000000ecb00000)
  from space 66048K, 10% used [0x00000000ecb00000,0x00000000ed1aa790,0x00000000f0b80000)
  to   space 66048K, 0% used [0x00000000f3000000,0x00000000f3000000,0x00000000f7080000)
 ParOldGen       total 237056K, used 199822K [0x00000000a0000000, 0x00000000ae780000, 0x00000000e0000000)
  object space 237056K, 84% used [0x00000000a0000000,0x00000000ac323818,0x00000000ae780000)
 Metaspace       used 113789K, capacity 120720K, committed 121000K, reserved 1155072K
  class space    used 14310K, capacity 15581K, committed 15784K, reserved 1048576K
Event: 5915.271 GC heap after
Heap after GC invocations=99 (full 9):
 PSYoungGen      total 310272K, used 6182K [0x00000000e0000000, 0x00000000f7000000, 0x0000000100000000)
  eden space 244736K, 0% used [0x00000000e0000000,0x00000000e0000000,0x00000000eef00000)
  from space 65536K, 9% used [0x00000000f3000000,0x00000000f3609ae0,0x00000000f7000000)
  to   space 66048K, 0% used [0x00000000eef00000,0x00000000eef00000,0x00000000f2f80000)
 ParOldGen       total 237056K, used 202802K [0x00000000a0000000, 0x00000000ae780000, 0x00000000e0000000)
  object space 237056K, 85% used [0x00000000a0000000,0x00000000ac60c888,0x00000000ae780000)
 Metaspace       used 113789K, capacity 120720K, committed 121000K, reserved 1155072K
  class space    used 14310K, capacity 15581K, committed 15784K, reserved 1048576K
}
Event: 5918.197 GC heap before
{Heap before GC invocations=100 (full 9):
 PSYoungGen      total 310272K, used 250918K [0x00000000e0000000, 0x00000000f7000000, 0x0000000100000000)
  eden space 244736K, 100% used [0x00000000e0000000,0x00000000eef00000,0x00000000eef00000)
  from space 65536K, 9% used [0x00000000f3000000,0x00000000f3609ae0,0x00000000f7000000)
  to   space 66048K, 0% used [0x00000000eef00000,0x00000000eef00000,0x00000000f2f80000)
 ParOldGen       total 237056K, used 202802K [0x00000000a0000000, 0x00000000ae780000, 0x00000000e0000000)
  object space 237056K, 85% used [0x00000000a0000000,0x00000000ac60c888,0x00000000ae780000)
 Metaspace       used 113838K, capacity 120800K, committed 121256K, reserved 1155072K
  class space    used 14311K, capacity 15583K, committed 15784K, reserved 1048576K
Event: 5918.236 GC heap after
Heap after GC invocations=100 (full 9):
 PSYoungGen      total 310784K, used 6032K [0x00000000e0000000, 0x00000000f9700000, 0x0000000100000000)
  eden space 244736K, 0% used [0x00000000e0000000,0x00000000e0000000,0x00000000eef00000)
  from space 66048K, 9% used [0x00000000eef00000,0x00000000ef4e4330,0x00000000f2f80000)
  to   space 65024K, 0% used [0x00000000f5780000,0x00000000f5780000,0x00000000f9700000)
 ParOldGen       total 237056K, used 206022K [0x00000000a0000000, 0x00000000ae780000, 0x00000000e0000000)
  object space 237056K, 86% used [0x00000000a0000000,0x00000000ac9318b8,0x00000000ae780000)
 Metaspace       used 113838K, capacity 120800K, committed 121256K, reserved 1155072K
  class space    used 14311K, capacity 15583K, committed 15784K, reserved 1048576K
}
Event: 5921.295 GC heap before
{Heap before GC invocations=101 (full 9):
 PSYoungGen      total 310784K, used 250768K [0x00000000e0000000, 0x00000000f9700000, 0x0000000100000000)
  eden space 244736K, 100% used [0x00000000e0000000,0x00000000eef00000,0x00000000eef00000)
  from space 66048K, 9% used [0x00000000eef00000,0x00000000ef4e4330,0x00000000f2f80000)
  to   space 65024K, 0% used [0x00000000f5780000,0x00000000f5780000,0x00000000f9700000)
 ParOldGen       total 237056K, used 206022K [0x00000000a0000000, 0x00000000ae780000, 0x00000000e0000000)
  object space 237056K, 86% used [0x00000000a0000000,0x00000000ac9318b8,0x00000000ae780000)
 Metaspace       used 113860K, capacity 120806K, committed 121256K, reserved 1155072K
  class space    used 14312K, capacity 15584K, committed 15784K, reserved 1048576K
Event: 5921.336 GC heap after
Heap after GC invocations=101 (full 9):
 PSYoungGen      total 347648K, used 4952K [0x00000000e0000000, 0x00000000f9400000, 0x0000000100000000)
  eden space 285696K, 0% used [0x00000000e0000000,0x00000000e0000000,0x00000000f1700000)
  from space 61952K, 7% used [0x00000000f5780000,0x00000000f5c56118,0x00000000f9400000)
  to   space 64000K, 0% used [0x00000000f1700000,0x00000000f1700000,0x00000000f5580000)
 ParOldGen       total 237056K, used 208719K [0x00000000a0000000, 0x00000000ae780000, 0x00000000e0000000)
  object space 237056K, 88% used [0x00000000a0000000,0x00000000acbd3d58,0x00000000ae780000)
 Metaspace       used 113860K, capacity 120806K, committed 121256K, reserved 1155072K
  class space    used 14312K, capacity 15584K, committed 15784K, reserved 1048576K
}

