# JRE version: OpenJDK Runtime Environment (8.0_202-b03) (build 1.8.0_202-release-1483-b03)
# Java VM: OpenJDK 64-Bit Server VM (25.202-b03 mixed mode windows-amd64 compressed oops)
Heap:
 PSYoungGen      total 161280K, used 161254K [0x00000000e0000000, 0x00000000edc00000, 0x0000000100000000)
  eden space 128512K, 100% used [0x00000000e0000000,0x00000000e7d80000,0x00000000e7d80000)
  from space 32768K, 99% used [0x00000000e7d80000,0x00000000e9d79870,0x00000000e9d80000)
  to   space 41984K, 72% used [0x00000000eb300000,0x00000000ed0e92f0,0x00000000edc00000)
 ParOldGen       total 204288K, used 178291K [0x00000000a0000000, 0x00000000ac780000, 0x00000000e0000000)
  object space 204288K, 87% used [0x00000000a0000000,0x00000000aae1ccd8,0x00000000ac780000)
 Metaspace       used 88703K, capacity 91518K, committed 92928K, reserved 1130496K
  class space    used 11049K, capacity 11694K, committed 12032K, reserved 1048576K
GC Heap History (10 events):
Event: 3692.844 GC heap after
Heap after GC invocations=32 (full 4):
 PSYoungGen      total 153600K, used 153157K [0x00000000e0000000, 0x00000000ebd00000, 0x0000000100000000)
  eden space 133632K, 99% used [0x00000000e0000000,0x00000000e82140d0,0x00000000e8280000)
  from space 19968K, 99% used [0x00000000ea000000,0x00000000eb37d5a8,0x00000000eb380000)
  to   space 9728K, 99% used [0x00000000eb380000,0x00000000ebcffe80,0x00000000ebd00000)
 ParOldGen       total 127488K, used 127258K [0x00000000a0000000, 0x00000000a7c80000, 0x00000000e0000000)
  object space 127488K, 99% used [0x00000000a0000000,0x00000000a7c46b58,0x00000000a7c80000)
 Metaspace       used 86350K, capacity 89924K, committed 90240K, reserved 1128448K
  class space    used 11013K, capacity 11780K, committed 11904K, reserved 1048576K
}
Event: 3692.844 GC heap before
{Heap before GC invocations=33 (full 5):
 PSYoungGen      total 153600K, used 153157K [0x00000000e0000000, 0x00000000ebd00000, 0x0000000100000000)
  eden space 133632K, 99% used [0x00000000e0000000,0x00000000e82140d0,0x00000000e8280000)
  from space 19968K, 99% used [0x00000000ea000000,0x00000000eb37d5a8,0x00000000eb380000)
  to   space 9728K, 99% used [0x00000000eb380000,0x00000000ebcffe80,0x00000000ebd00000)
 ParOldGen       total 127488K, used 127258K [0x00000000a0000000, 0x00000000a7c80000, 0x00000000e0000000)
  object space 127488K, 99% used [0x00000000a0000000,0x00000000a7c46b58,0x00000000a7c80000)
 Metaspace       used 86350K, capacity 89924K, committed 90240K, reserved 1128448K
  class space    used 11013K, capacity 11780K, committed 11904K, reserved 1048576K
Event: 3693.714 GC heap after
Heap after GC invocations=33 (full 5):
 PSYoungGen      total 153600K, used 0K [0x00000000e0000000, 0x00000000ebd00000, 0x0000000100000000)
  eden space 133632K, 0% used [0x00000000e0000000,0x00000000e0000000,0x00000000e8280000)
  from space 19968K, 0% used [0x00000000ea000000,0x00000000ea000000,0x00000000eb380000)
  to   space 9728K, 0% used [0x00000000eb380000,0x00000000eb380000,0x00000000ebd00000)
 ParOldGen       total 144384K, used 96364K [0x00000000a0000000, 0x00000000a8d00000, 0x00000000e0000000)
  object space 144384K, 66% used [0x00000000a0000000,0x00000000a5e1b250,0x00000000a8d00000)
 Metaspace       used 85441K, capacity 88212K, committed 90240K, reserved 1128448K
  class space    used 10835K, capacity 11464K, committed 11904K, reserved 1048576K
}
Event: 3702.536 GC heap before
{Heap before GC invocations=34 (full 5):
 PSYoungGen      total 153600K, used 133632K [0x00000000e0000000, 0x00000000ebd00000, 0x0000000100000000)
  eden space 133632K, 100% used [0x00000000e0000000,0x00000000e8280000,0x00000000e8280000)
  from space 19968K, 0% used [0x00000000ea000000,0x00000000ea000000,0x00000000eb380000)
  to   space 9728K, 0% used [0x00000000eb380000,0x00000000eb380000,0x00000000ebd00000)
 ParOldGen       total 144384K, used 96364K [0x00000000a0000000, 0x00000000a8d00000, 0x00000000e0000000)
  object space 144384K, 66% used [0x00000000a0000000,0x00000000a5e1b250,0x00000000a8d00000)
 Metaspace       used 86730K, capacity 89534K, committed 91008K, reserved 1128448K
  class space    used 10915K, capacity 11566K, committed 11904K, reserved 1048576K
Event: 3702.587 GC heap after
Heap after GC invocations=34 (full 5):
 PSYoungGen      total 138240K, used 9724K [0x00000000e0000000, 0x00000000ebd80000, 0x0000000100000000)
  eden space 128512K, 0% used [0x00000000e0000000,0x00000000e0000000,0x00000000e7d80000)
  from space 9728K, 99% used [0x00000000eb380000,0x00000000ebcff028,0x00000000ebd00000)
  to   space 32768K, 0% used [0x00000000e7d80000,0x00000000e7d80000,0x00000000e9d80000)
 ParOldGen       total 144384K, used 127781K [0x00000000a0000000, 0x00000000a8d00000, 0x00000000e0000000)
  object space 144384K, 88% used [0x00000000a0000000,0x00000000a7cc9750,0x00000000a8d00000)
 Metaspace       used 86730K, capacity 89534K, committed 91008K, reserved 1128448K
  class space    used 10915K, capacity 11566K, committed 11904K, reserved 1048576K
}
Event: 3702.587 GC heap before
{Heap before GC invocations=35 (full 6):
 PSYoungGen      total 138240K, used 9724K [0x00000000e0000000, 0x00000000ebd80000, 0x0000000100000000)
  eden space 128512K, 0% used [0x00000000e0000000,0x00000000e0000000,0x00000000e7d80000)
  from space 9728K, 99% used [0x00000000eb380000,0x00000000ebcff028,0x00000000ebd00000)
  to   space 32768K, 0% used [0x00000000e7d80000,0x00000000e7d80000,0x00000000e9d80000)
 ParOldGen       total 144384K, used 127781K [0x00000000a0000000, 0x00000000a8d00000, 0x00000000e0000000)
  object space 144384K, 88% used [0x00000000a0000000,0x00000000a7cc9750,0x00000000a8d00000)
 Metaspace       used 86730K, capacity 89534K, committed 91008K, reserved 1128448K
  class space    used 10915K, capacity 11566K, committed 11904K, reserved 1048576K
Event: 3703.238 GC heap after
Heap after GC invocations=35 (full 6):
 PSYoungGen      total 138240K, used 0K [0x00000000e0000000, 0x00000000ebd80000, 0x0000000100000000)
  eden space 128512K, 0% used [0x00000000e0000000,0x00000000e0000000,0x00000000e7d80000)
  from space 9728K, 0% used [0x00000000eb380000,0x00000000eb380000,0x00000000ebd00000)
  to   space 32768K, 0% used [0x00000000e7d80000,0x00000000e7d80000,0x00000000e9d80000)
 ParOldGen       total 204288K, used 135811K [0x00000000a0000000, 0x00000000ac780000, 0x00000000e0000000)
  object space 204288K, 66% used [0x00000000a0000000,0x00000000a84a0f08,0x00000000ac780000)
 Metaspace       used 86730K, capacity 89534K, committed 91008K, reserved 1128448K
  class space    used 10915K, capacity 11566K, committed 11904K, reserved 1048576K
}
Event: 3704.844 GC heap before
{Heap before GC invocations=36 (full 6):
 PSYoungGen      total 138240K, used 128512K [0x00000000e0000000, 0x00000000ebd80000, 0x0000000100000000)
  eden space 128512K, 100% used [0x00000000e0000000,0x00000000e7d80000,0x00000000e7d80000)
  from space 9728K, 0% used [0x00000000eb380000,0x00000000eb380000,0x00000000ebd00000)
  to   space 32768K, 0% used [0x00000000e7d80000,0x00000000e7d80000,0x00000000e9d80000)
 ParOldGen       total 204288K, used 135811K [0x00000000a0000000, 0x00000000ac780000, 0x00000000e0000000)
  object space 204288K, 66% used [0x00000000a0000000,0x00000000a84a0f08,0x00000000ac780000)
 Metaspace       used 86819K, capacity 89662K, committed 91264K, reserved 1128448K
  class space    used 10916K, capacity 11566K, committed 11904K, reserved 1048576K
Event: 3704.909 GC heap after
Heap after GC invocations=36 (full 6):
 PSYoungGen      total 161280K, used 32742K [0x00000000e0000000, 0x00000000edc00000, 0x0000000100000000)
  eden space 128512K, 0% used [0x00000000e0000000,0x00000000e0000000,0x00000000e7d80000)
  from space 32768K, 99% used [0x00000000e7d80000,0x00000000e9d79870,0x00000000e9d80000)
  to   space 41984K, 0% used [0x00000000eb300000,0x00000000eb300000,0x00000000edc00000)
 ParOldGen       total 204288K, used 146560K [0x00000000a0000000, 0x00000000ac780000, 0x00000000e0000000)
  object space 204288K, 71% used [0x00000000a0000000,0x00000000a8f200e0,0x00000000ac780000)
 Metaspace       used 86819K, capacity 89662K, committed 91264K, reserved 1128448K
  class space    used 10916K, capacity 11566K, committed 11904K, reserved 1048576K
}
Event: 3710.715 GC heap before
{Heap before GC invocations=37 (full 6):
 PSYoungGen      total 161280K, used 161254K [0x00000000e0000000, 0x00000000edc00000, 0x0000000100000000)
  eden space 128512K, 100% used [0x00000000e0000000,0x00000000e7d80000,0x00000000e7d80000)
  from space 32768K, 99% used [0x00000000e7d80000,0x00000000e9d79870,0x00000000e9d80000)
  to   space 41984K, 0% used [0x00000000eb300000,0x00000000eb300000,0x00000000edc00000)
 ParOldGen       total 204288K, used 146560K [0x00000000a0000000, 0x00000000ac780000, 0x00000000e0000000)
  object space 204288K, 71% used [0x00000000a0000000,0x00000000a8f200e0,0x00000000ac780000)
 Metaspace       used 88703K, capacity 91518K, committed 92928K, reserved 1130496K
  class space    used 11049K, capacity 11694K, committed 12032K, reserved 1048576K

