# JRE version: OpenJDK Runtime Environment (8.0_202-b03) (build 1.8.0_202-release-1483-b03)
# Java VM: OpenJDK 64-Bit Server VM (25.202-b03 mixed mode windows-amd64 compressed oops)
Heap:
 PSYoungGen      total 145408K, used 72741K [0x00000000e0000000, 0x00000000ec180000, 0x0000000100000000)
  eden space 129024K, 56% used [0x00000000e0000000,0x00000000e4709518,0x00000000e7e00000)
  from space 16384K, 0% used [0x00000000e7e00000,0x00000000e7e00000,0x00000000e8e00000)
  to   space 29184K, 0% used [0x00000000ea500000,0x00000000ea500000,0x00000000ec180000)
 ParOldGen       total 80384K, used 75051K [0x00000000a0000000, 0x00000000a4e80000, 0x00000000e0000000)
  object space 80384K, 93% used [0x00000000a0000000,0x00000000a494af20,0x00000000a4e80000)
 Metaspace       used 71421K, capacity 73774K, committed 74752K, reserved 1114112K
  class space    used 9314K, capacity 9817K, committed 9984K, reserved 1048576K
GC Heap History (10 events):
Event: 5006.219 GC heap before
{Heap before GC invocations=28 (full 4):
 PSYoungGen      total 126464K, used 6319K [0x00000000e0000000, 0x00000000ea180000, 0x0000000100000000)
  eden space 119808K, 0% used [0x00000000e0000000,0x00000000e0000000,0x00000000e7500000)
  from space 6656K, 94% used [0x00000000e9b00000,0x00000000ea12bca0,0x00000000ea180000)
  to   space 15360K, 0% used [0x00000000e8380000,0x00000000e8380000,0x00000000e9280000)
 ParOldGen       total 64000K, used 56792K [0x00000000a0000000, 0x00000000a3e80000, 0x00000000e0000000)
  object space 64000K, 88% used [0x00000000a0000000,0x00000000a3776398,0x00000000a3e80000)
 Metaspace       used 69613K, capacity 72288K, committed 72576K, reserved 1112064K
  class space    used 9167K, capacity 9767K, committed 9856K, reserved 1048576K
Event: 5010.697 GC heap after
Heap after GC invocations=28 (full 4):
 PSYoungGen      total 126464K, used 0K [0x00000000e0000000, 0x00000000ea180000, 0x0000000100000000)
  eden space 119808K, 0% used [0x00000000e0000000,0x00000000e0000000,0x00000000e7500000)
  from space 6656K, 0% used [0x00000000e9b00000,0x00000000e9b00000,0x00000000ea180000)
  to   space 15360K, 0% used [0x00000000e8380000,0x00000000e8380000,0x00000000e9280000)
 ParOldGen       total 80384K, used 38068K [0x00000000a0000000, 0x00000000a4e80000, 0x00000000e0000000)
  object space 80384K, 47% used [0x00000000a0000000,0x00000000a252d130,0x00000000a4e80000)
 Metaspace       used 68824K, capacity 70960K, committed 72576K, reserved 1112064K
  class space    used 9028K, capacity 9514K, committed 9856K, reserved 1048576K
}
Event: 10773.504 GC heap before
{Heap before GC invocations=29 (full 4):
 PSYoungGen      total 126464K, used 119808K [0x00000000e0000000, 0x00000000ea180000, 0x0000000100000000)
  eden space 119808K, 100% used [0x00000000e0000000,0x00000000e7500000,0x00000000e7500000)
  from space 6656K, 0% used [0x00000000e9b00000,0x00000000e9b00000,0x00000000ea180000)
  to   space 15360K, 0% used [0x00000000e8380000,0x00000000e8380000,0x00000000e9280000)
 ParOldGen       total 80384K, used 38068K [0x00000000a0000000, 0x00000000a4e80000, 0x00000000e0000000)
  object space 80384K, 47% used [0x00000000a0000000,0x00000000a252d130,0x00000000a4e80000)
 Metaspace       used 69481K, capacity 71804K, committed 73088K, reserved 1112064K
  class space    used 9114K, capacity 9636K, committed 9856K, reserved 1048576K
Event: 10773.575 GC heap after
Heap after GC invocations=29 (full 4):
 PSYoungGen      total 136192K, used 5222K [0x00000000e0000000, 0x00000000e9c80000, 0x0000000100000000)
  eden space 130560K, 0% used [0x00000000e0000000,0x00000000e0000000,0x00000000e7f80000)
  from space 5632K, 92% used [0x00000000e8380000,0x00000000e88999d0,0x00000000e8900000)
  to   space 14848K, 0% used [0x00000000e8e00000,0x00000000e8e00000,0x00000000e9c80000)
 ParOldGen       total 80384K, used 38076K [0x00000000a0000000, 0x00000000a4e80000, 0x00000000e0000000)
  object space 80384K, 47% used [0x00000000a0000000,0x00000000a252f130,0x00000000a4e80000)
 Metaspace       used 69481K, capacity 71804K, committed 73088K, reserved 1112064K
  class space    used 9114K, capacity 9636K, committed 9856K, reserved 1048576K
}
Event: 10862.167 GC heap before
{Heap before GC invocations=30 (full 4):
 PSYoungGen      total 136192K, used 135782K [0x00000000e0000000, 0x00000000e9c80000, 0x0000000100000000)
  eden space 130560K, 100% used [0x00000000e0000000,0x00000000e7f80000,0x00000000e7f80000)
  from space 5632K, 92% used [0x00000000e8380000,0x00000000e88999d0,0x00000000e8900000)
  to   space 14848K, 0% used [0x00000000e8e00000,0x00000000e8e00000,0x00000000e9c80000)
 ParOldGen       total 80384K, used 38076K [0x00000000a0000000, 0x00000000a4e80000, 0x00000000e0000000)
  object space 80384K, 47% used [0x00000000a0000000,0x00000000a252f130,0x00000000a4e80000)
 Metaspace       used 69802K, capacity 72298K, committed 73344K, reserved 1112064K
  class space    used 9143K, capacity 9691K, committed 9856K, reserved 1048576K
Event: 10862.216 GC heap after
Heap after GC invocations=30 (full 4):
 PSYoungGen      total 143872K, used 14192K [0x00000000e0000000, 0x00000000ea900000, 0x0000000100000000)
  eden space 129024K, 0% used [0x00000000e0000000,0x00000000e0000000,0x00000000e7e00000)
  from space 14848K, 95% used [0x00000000e8e00000,0x00000000e9bdc020,0x00000000e9c80000)
  to   space 16384K, 0% used [0x00000000e7e00000,0x00000000e7e00000,0x00000000e8e00000)
 ParOldGen       total 80384K, used 38084K [0x00000000a0000000, 0x00000000a4e80000, 0x00000000e0000000)
  object space 80384K, 47% used [0x00000000a0000000,0x00000000a2531130,0x00000000a4e80000)
 Metaspace       used 69802K, capacity 72298K, committed 73344K, reserved 1112064K
  class space    used 9143K, capacity 9691K, committed 9856K, reserved 1048576K
}
Event: 10891.912 GC heap before
{Heap before GC invocations=31 (full 4):
 PSYoungGen      total 143872K, used 140923K [0x00000000e0000000, 0x00000000ea900000, 0x0000000100000000)
  eden space 129024K, 98% used [0x00000000e0000000,0x00000000e7bc2c38,0x00000000e7e00000)
  from space 14848K, 95% used [0x00000000e8e00000,0x00000000e9bdc020,0x00000000e9c80000)
  to   space 16384K, 0% used [0x00000000e7e00000,0x00000000e7e00000,0x00000000e8e00000)
 ParOldGen       total 80384K, used 38084K [0x00000000a0000000, 0x00000000a4e80000, 0x00000000e0000000)
  object space 80384K, 47% used [0x00000000a0000000,0x00000000a2531130,0x00000000a4e80000)
 Metaspace       used 70937K, capacity 73388K, committed 74496K, reserved 1114112K
  class space    used 9271K, capacity 9798K, committed 9984K, reserved 1048576K
Event: 10892.076 GC heap after
Heap after GC invocations=31 (full 4):
 PSYoungGen      total 145408K, used 16368K [0x00000000e0000000, 0x00000000ec180000, 0x0000000100000000)
  eden space 129024K, 0% used [0x00000000e0000000,0x00000000e0000000,0x00000000e7e00000)
  from space 16384K, 99% used [0x00000000e7e00000,0x00000000e8dfc198,0x00000000e8e00000)
  to   space 29184K, 0% used [0x00000000ea500000,0x00000000ea500000,0x00000000ec180000)
 ParOldGen       total 80384K, used 66023K [0x00000000a0000000, 0x00000000a4e80000, 0x00000000e0000000)
  object space 80384K, 82% used [0x00000000a0000000,0x00000000a4079f68,0x00000000a4e80000)
 Metaspace       used 70937K, capacity 73388K, committed 74496K, reserved 1114112K
  class space    used 9271K, capacity 9798K, committed 9984K, reserved 1048576K
}
Event: 10892.076 GC heap before
{Heap before GC invocations=32 (full 5):
 PSYoungGen      total 145408K, used 16368K [0x00000000e0000000, 0x00000000ec180000, 0x0000000100000000)
  eden space 129024K, 0% used [0x00000000e0000000,0x00000000e0000000,0x00000000e7e00000)
  from space 16384K, 99% used [0x00000000e7e00000,0x00000000e8dfc198,0x00000000e8e00000)
  to   space 29184K, 0% used [0x00000000ea500000,0x00000000ea500000,0x00000000ec180000)
 ParOldGen       total 80384K, used 66023K [0x00000000a0000000, 0x00000000a4e80000, 0x00000000e0000000)
  object space 80384K, 82% used [0x00000000a0000000,0x00000000a4079f68,0x00000000a4e80000)
 Metaspace       used 70937K, capacity 73388K, committed 74496K, reserved 1114112K
  class space    used 9271K, capacity 9798K, committed 9984K, reserved 1048576K
Event: 10892.862 GC heap after
Heap after GC invocations=32 (full 5):
 PSYoungGen      total 145408K, used 0K [0x00000000e0000000, 0x00000000ec180000, 0x0000000100000000)
  eden space 129024K, 0% used [0x00000000e0000000,0x00000000e0000000,0x00000000e7e00000)
  from space 16384K, 0% used [0x00000000e7e00000,0x00000000e7e00000,0x00000000e8e00000)
  to   space 29184K, 0% used [0x00000000ea500000,0x00000000ea500000,0x00000000ec180000)
 ParOldGen       total 80384K, used 75051K [0x00000000a0000000, 0x00000000a4e80000, 0x00000000e0000000)
  object space 80384K, 93% used [0x00000000a0000000,0x00000000a494af20,0x00000000a4e80000)
 Metaspace       used 70788K, capacity 73126K, committed 74496K, reserved 1114112K
  class space    used 9243K, capacity 9747K, committed 9984K, reserved 1048576K
}

