# JRE version: OpenJDK Runtime Environment (8.0_202-b03) (build 1.8.0_202-release-1483-b03)
# Java VM: OpenJDK 64-Bit Server VM (25.202-b03 mixed mode windows-amd64 compressed oops)
Heap:
 PSYoungGen      total 138752K, used 45290K [0x00000000e0000000, 0x00000000ec280000, 0x0000000100000000)
  eden space 115712K, 19% used [0x00000000e0000000,0x00000000e15bc550,0x00000000e7100000)
  from space 23040K, 99% used [0x00000000e7100000,0x00000000e877e4b0,0x00000000e8780000)
  to   space 31744K, 0% used [0x00000000ea380000,0x00000000ea380000,0x00000000ec280000)
 ParOldGen       total 159744K, used 107818K [0x00000000a0000000, 0x00000000a9c00000, 0x00000000e0000000)
  object space 159744K, 67% used [0x00000000a0000000,0x00000000a694a8e8,0x00000000a9c00000)
 Metaspace       used 88405K, capacity 92148K, committed 92288K, reserved 1130496K
  class space    used 11400K, capacity 12129K, committed 12160K, reserved 1048576K
GC Heap History (10 events):
Event: 764.871 GC heap before
{Heap before GC invocations=39 (full 4):
 PSYoungGen      total 112640K, used 100836K [0x00000000e0000000, 0x00000000e8800000, 0x0000000100000000)
  eden space 87040K, 100% used [0x00000000e0000000,0x00000000e5500000,0x00000000e5500000)
  from space 25600K, 53% used [0x00000000e6e00000,0x00000000e7b792a8,0x00000000e8700000)
  to   space 25600K, 0% used [0x00000000e5500000,0x00000000e5500000,0x00000000e6e00000)
 ParOldGen       total 159744K, used 82891K [0x00000000a0000000, 0x00000000a9c00000, 0x00000000e0000000)
  object space 159744K, 51% used [0x00000000a0000000,0x00000000a50f2f40,0x00000000a9c00000)
 Metaspace       used 86575K, capacity 90026K, committed 90240K, reserved 1128448K
  class space    used 11217K, capacity 11892K, committed 11904K, reserved 1048576K
Event: 764.919 GC heap after
Heap after GC invocations=39 (full 4):
 PSYoungGen      total 112640K, used 12464K [0x00000000e0000000, 0x00000000e9080000, 0x0000000100000000)
  eden space 87040K, 0% used [0x00000000e0000000,0x00000000e0000000,0x00000000e5500000)
  from space 25600K, 48% used [0x00000000e5500000,0x00000000e612c028,0x00000000e6e00000)
  to   space 24576K, 0% used [0x00000000e7880000,0x00000000e7880000,0x00000000e9080000)
 ParOldGen       total 159744K, used 82891K [0x00000000a0000000, 0x00000000a9c00000, 0x00000000e0000000)
  object space 159744K, 51% used [0x00000000a0000000,0x00000000a50f2f40,0x00000000a9c00000)
 Metaspace       used 86575K, capacity 90026K, committed 90240K, reserved 1128448K
  class space    used 11217K, capacity 11892K, committed 11904K, reserved 1048576K
}
Event: 767.106 GC heap before
{Heap before GC invocations=40 (full 4):
 PSYoungGen      total 112640K, used 99504K [0x00000000e0000000, 0x00000000e9080000, 0x0000000100000000)
  eden space 87040K, 100% used [0x00000000e0000000,0x00000000e5500000,0x00000000e5500000)
  from space 25600K, 48% used [0x00000000e5500000,0x00000000e612c028,0x00000000e6e00000)
  to   space 24576K, 0% used [0x00000000e7880000,0x00000000e7880000,0x00000000e9080000)
 ParOldGen       total 159744K, used 82891K [0x00000000a0000000, 0x00000000a9c00000, 0x00000000e0000000)
  object space 159744K, 51% used [0x00000000a0000000,0x00000000a50f2f40,0x00000000a9c00000)
 Metaspace       used 86859K, capacity 90436K, committed 90624K, reserved 1128448K
  class space    used 11241K, capacity 11939K, committed 12032K, reserved 1048576K
Event: 767.223 GC heap after
Heap after GC invocations=40 (full 4):
 PSYoungGen      total 123904K, used 13756K [0x00000000e0000000, 0x00000000e9200000, 0x0000000100000000)
  eden space 99328K, 0% used [0x00000000e0000000,0x00000000e0000000,0x00000000e6100000)
  from space 24576K, 55% used [0x00000000e7880000,0x00000000e85ef238,0x00000000e9080000)
  to   space 24064K, 0% used [0x00000000e6100000,0x00000000e6100000,0x00000000e7880000)
 ParOldGen       total 159744K, used 89387K [0x00000000a0000000, 0x00000000a9c00000, 0x00000000e0000000)
  object space 159744K, 55% used [0x00000000a0000000,0x00000000a574ac60,0x00000000a9c00000)
 Metaspace       used 86859K, capacity 90436K, committed 90624K, reserved 1128448K
  class space    used 11241K, capacity 11939K, committed 12032K, reserved 1048576K
}
Event: 769.328 GC heap before
{Heap before GC invocations=41 (full 4):
 PSYoungGen      total 123904K, used 112911K [0x00000000e0000000, 0x00000000e9200000, 0x0000000100000000)
  eden space 99328K, 99% used [0x00000000e0000000,0x00000000e60d49e0,0x00000000e6100000)
  from space 24576K, 55% used [0x00000000e7880000,0x00000000e85ef238,0x00000000e9080000)
  to   space 24064K, 0% used [0x00000000e6100000,0x00000000e6100000,0x00000000e7880000)
 ParOldGen       total 159744K, used 89387K [0x00000000a0000000, 0x00000000a9c00000, 0x00000000e0000000)
  object space 159744K, 55% used [0x00000000a0000000,0x00000000a574ac60,0x00000000a9c00000)
 Metaspace       used 87040K, capacity 90576K, committed 90880K, reserved 1128448K
  class space    used 11242K, capacity 11939K, committed 12032K, reserved 1048576K
Event: 769.400 GC heap after
Heap after GC invocations=41 (full 4):
 PSYoungGen      total 123392K, used 10353K [0x00000000e0000000, 0x00000000e9e80000, 0x0000000100000000)
  eden space 99328K, 0% used [0x00000000e0000000,0x00000000e0000000,0x00000000e6100000)
  from space 24064K, 43% used [0x00000000e6100000,0x00000000e6b1c5f0,0x00000000e7880000)
  to   space 23040K, 0% used [0x00000000e8800000,0x00000000e8800000,0x00000000e9e80000)
 ParOldGen       total 159744K, used 93452K [0x00000000a0000000, 0x00000000a9c00000, 0x00000000e0000000)
  object space 159744K, 58% used [0x00000000a0000000,0x00000000a5b43350,0x00000000a9c00000)
 Metaspace       used 87040K, capacity 90576K, committed 90880K, reserved 1128448K
  class space    used 11242K, capacity 11939K, committed 12032K, reserved 1048576K
}
Event: 772.345 GC heap before
{Heap before GC invocations=42 (full 4):
 PSYoungGen      total 123392K, used 109681K [0x00000000e0000000, 0x00000000e9e80000, 0x0000000100000000)
  eden space 99328K, 100% used [0x00000000e0000000,0x00000000e6100000,0x00000000e6100000)
  from space 24064K, 43% used [0x00000000e6100000,0x00000000e6b1c5f0,0x00000000e7880000)
  to   space 23040K, 0% used [0x00000000e8800000,0x00000000e8800000,0x00000000e9e80000)
 ParOldGen       total 159744K, used 93452K [0x00000000a0000000, 0x00000000a9c00000, 0x00000000e0000000)
  object space 159744K, 58% used [0x00000000a0000000,0x00000000a5b43350,0x00000000a9c00000)
 Metaspace       used 87392K, capacity 91026K, committed 91136K, reserved 1128448K
  class space    used 11291K, capacity 12020K, committed 12032K, reserved 1048576K
Event: 772.384 GC heap after
Heap after GC invocations=42 (full 4):
 PSYoungGen      total 138240K, used 4611K [0x00000000e0000000, 0x00000000e9e00000, 0x0000000100000000)
  eden space 115712K, 0% used [0x00000000e0000000,0x00000000e0000000,0x00000000e7100000)
  from space 22528K, 20% used [0x00000000e8800000,0x00000000e8c80c58,0x00000000e9e00000)
  to   space 23040K, 0% used [0x00000000e7100000,0x00000000e7100000,0x00000000e8780000)
 ParOldGen       total 159744K, used 93724K [0x00000000a0000000, 0x00000000a9c00000, 0x00000000e0000000)
  object space 159744K, 58% used [0x00000000a0000000,0x00000000a5b87350,0x00000000a9c00000)
 Metaspace       used 87392K, capacity 91026K, committed 91136K, reserved 1128448K
  class space    used 11291K, capacity 12020K, committed 12032K, reserved 1048576K
}
Event: 775.006 GC heap before
{Heap before GC invocations=43 (full 4):
 PSYoungGen      total 138240K, used 120323K [0x00000000e0000000, 0x00000000e9e00000, 0x0000000100000000)
  eden space 115712K, 100% used [0x00000000e0000000,0x00000000e7100000,0x00000000e7100000)
  from space 22528K, 20% used [0x00000000e8800000,0x00000000e8c80c58,0x00000000e9e00000)
  to   space 23040K, 0% used [0x00000000e7100000,0x00000000e7100000,0x00000000e8780000)
 ParOldGen       total 159744K, used 93724K [0x00000000a0000000, 0x00000000a9c00000, 0x00000000e0000000)
  object space 159744K, 58% used [0x00000000a0000000,0x00000000a5b87350,0x00000000a9c00000)
 Metaspace       used 88261K, capacity 92004K, committed 92288K, reserved 1130496K
  class space    used 11383K, capacity 12125K, committed 12160K, reserved 1048576K
Event: 775.116 GC heap after
Heap after GC invocations=43 (full 4):
 PSYoungGen      total 138752K, used 23033K [0x00000000e0000000, 0x00000000ec280000, 0x0000000100000000)
  eden space 115712K, 0% used [0x00000000e0000000,0x00000000e0000000,0x00000000e7100000)
  from space 23040K, 99% used [0x00000000e7100000,0x00000000e877e4b0,0x00000000e8780000)
  to   space 31744K, 0% used [0x00000000ea380000,0x00000000ea380000,0x00000000ec280000)
 ParOldGen       total 159744K, used 107818K [0x00000000a0000000, 0x00000000a9c00000, 0x00000000e0000000)
  object space 159744K, 67% used [0x00000000a0000000,0x00000000a694a8e8,0x00000000a9c00000)
 Metaspace       used 88261K, capacity 92004K, committed 92288K, reserved 1130496K
  class space    used 11383K, capacity 12125K, committed 12160K, reserved 1048576K
}

