# JRE version: OpenJDK Runtime Environment (8.0_202-b03) (build 1.8.0_202-release-1483-b03)
# Java VM: OpenJDK 64-Bit Server VM (25.202-b03 mixed mode windows-amd64 compressed oops)
Heap:
 PSYoungGen      total 366592K, used 32172K [0x00000000e0000000, 0x00000000f9f80000, 0x0000000100000000)
  eden space 328192K, 3% used [0x00000000e0000000,0x00000000e0a14708,0x00000000f4080000)
  from space 38400K, 56% used [0x00000000f7a00000,0x00000000f8f56c10,0x00000000f9f80000)
  to   space 48640K, 0% used [0x00000000f4080000,0x00000000f4080000,0x00000000f7000000)
 ParOldGen       total 180224K, used 90703K [0x00000000a0000000, 0x00000000ab000000, 0x00000000e0000000)
  object space 180224K, 50% used [0x00000000a0000000,0x00000000a5893f20,0x00000000ab000000)
 Metaspace       used 105551K, capacity 109034K, committed 109824K, reserved 1144832K
  class space    used 13142K, capacity 13833K, committed 14080K, reserved 1048576K
GC Heap History (10 events):
Event: 5155.487 GC heap before
{Heap before GC invocations=61 (full 6):
 PSYoungGen      total 294400K, used 284217K [0x00000000e0000000, 0x00000000f3d80000, 0x0000000100000000)
  eden space 266752K, 100% used [0x00000000e0000000,0x00000000f0480000,0x00000000f0480000)
  from space 27648K, 63% used [0x00000000f2280000,0x00000000f338e510,0x00000000f3d80000)
  to   space 29184K, 0% used [0x00000000f0480000,0x00000000f0480000,0x00000000f2100000)
 ParOldGen       total 131072K, used 71775K [0x00000000a0000000, 0x00000000a8000000, 0x00000000e0000000)
  object space 131072K, 54% used [0x00000000a0000000,0x00000000a4617ec0,0x00000000a8000000)
 Metaspace       used 88110K, capacity 90576K, committed 92800K, reserved 1130496K
  class space    used 11088K, capacity 11648K, committed 12160K, reserved 1048576K
Event: 5155.542 GC heap after
Heap after GC invocations=61 (full 6):
 PSYoungGen      total 295936K, used 21097K [0x00000000e0000000, 0x00000000f6300000, 0x0000000100000000)
  eden space 266752K, 0% used [0x00000000e0000000,0x00000000e0000000,0x00000000f0480000)
  from space 29184K, 72% used [0x00000000f0480000,0x00000000f191a620,0x00000000f2100000)
  to   space 30720K, 0% used [0x00000000f4500000,0x00000000f4500000,0x00000000f6300000)
 ParOldGen       total 131072K, used 72350K [0x00000000a0000000, 0x00000000a8000000, 0x00000000e0000000)
  object space 131072K, 55% used [0x00000000a0000000,0x00000000a46a7a60,0x00000000a8000000)
 Metaspace       used 88110K, capacity 90576K, committed 92800K, reserved 1130496K
  class space    used 11088K, capacity 11648K, committed 12160K, reserved 1048576K
}
Event: 5274.101 GC heap before
{Heap before GC invocations=62 (full 6):
 PSYoungGen      total 295936K, used 287849K [0x00000000e0000000, 0x00000000f6300000, 0x0000000100000000)
  eden space 266752K, 100% used [0x00000000e0000000,0x00000000f0480000,0x00000000f0480000)
  from space 29184K, 72% used [0x00000000f0480000,0x00000000f191a620,0x00000000f2100000)
  to   space 30720K, 0% used [0x00000000f4500000,0x00000000f4500000,0x00000000f6300000)
 ParOldGen       total 131072K, used 72350K [0x00000000a0000000, 0x00000000a8000000, 0x00000000e0000000)
  object space 131072K, 55% used [0x00000000a0000000,0x00000000a46a7a60,0x00000000a8000000)
 Metaspace       used 88672K, capacity 91224K, committed 93056K, reserved 1130496K
  class space    used 11147K, capacity 11684K, committed 12160K, reserved 1048576K
Event: 5274.774 GC heap after
Heap after GC invocations=62 (full 6):
 PSYoungGen      total 327680K, used 11924K [0x00000000e0000000, 0x00000000f5f00000, 0x0000000100000000)
  eden space 301056K, 0% used [0x00000000e0000000,0x00000000e0000000,0x00000000f2600000)
  from space 26624K, 44% used [0x00000000f4500000,0x00000000f50a5348,0x00000000f5f00000)
  to   space 29184K, 0% used [0x00000000f2600000,0x00000000f2600000,0x00000000f4280000)
 ParOldGen       total 131072K, used 72918K [0x00000000a0000000, 0x00000000a8000000, 0x00000000e0000000)
  object space 131072K, 55% used [0x00000000a0000000,0x00000000a4735a60,0x00000000a8000000)
 Metaspace       used 88672K, capacity 91224K, committed 93056K, reserved 1130496K
  class space    used 11147K, capacity 11684K, committed 12160K, reserved 1048576K
}
Event: 5366.137 GC heap before
{Heap before GC invocations=63 (full 6):
 PSYoungGen      total 327680K, used 312980K [0x00000000e0000000, 0x00000000f5f00000, 0x0000000100000000)
  eden space 301056K, 100% used [0x00000000e0000000,0x00000000f2600000,0x00000000f2600000)
  from space 26624K, 44% used [0x00000000f4500000,0x00000000f50a5348,0x00000000f5f00000)
  to   space 29184K, 0% used [0x00000000f2600000,0x00000000f2600000,0x00000000f4280000)
 ParOldGen       total 131072K, used 72918K [0x00000000a0000000, 0x00000000a8000000, 0x00000000e0000000)
  object space 131072K, 55% used [0x00000000a0000000,0x00000000a4735a60,0x00000000a8000000)
 Metaspace       used 94790K, capacity 97512K, committed 99328K, reserved 1136640K
  class space    used 11821K, capacity 12396K, committed 12800K, reserved 1048576K
Event: 5366.539 GC heap after
Heap after GC invocations=63 (full 6):
 PSYoungGen      total 330240K, used 29159K [0x00000000e0000000, 0x00000000fab80000, 0x0000000100000000)
  eden space 301056K, 0% used [0x00000000e0000000,0x00000000e0000000,0x00000000f2600000)
  from space 29184K, 99% used [0x00000000f2600000,0x00000000f4279cd0,0x00000000f4280000)
  to   space 50688K, 0% used [0x00000000f7a00000,0x00000000f7a00000,0x00000000fab80000)
 ParOldGen       total 131072K, used 119350K [0x00000000a0000000, 0x00000000a8000000, 0x00000000e0000000)
  object space 131072K, 91% used [0x00000000a0000000,0x00000000a748d808,0x00000000a8000000)
 Metaspace       used 94790K, capacity 97512K, committed 99328K, reserved 1136640K
  class space    used 11821K, capacity 12396K, committed 12800K, reserved 1048576K
}
Event: 5366.539 GC heap before
{Heap before GC invocations=64 (full 7):
 PSYoungGen      total 330240K, used 29159K [0x00000000e0000000, 0x00000000fab80000, 0x0000000100000000)
  eden space 301056K, 0% used [0x00000000e0000000,0x00000000e0000000,0x00000000f2600000)
  from space 29184K, 99% used [0x00000000f2600000,0x00000000f4279cd0,0x00000000f4280000)
  to   space 50688K, 0% used [0x00000000f7a00000,0x00000000f7a00000,0x00000000fab80000)
 ParOldGen       total 131072K, used 119350K [0x00000000a0000000, 0x00000000a8000000, 0x00000000e0000000)
  object space 131072K, 91% used [0x00000000a0000000,0x00000000a748d808,0x00000000a8000000)
 Metaspace       used 94790K, capacity 97512K, committed 99328K, reserved 1136640K
  class space    used 11821K, capacity 12396K, committed 12800K, reserved 1048576K
Event: 5368.995 GC heap after
Heap after GC invocations=64 (full 7):
 PSYoungGen      total 330240K, used 10015K [0x00000000e0000000, 0x00000000fab80000, 0x0000000100000000)
  eden space 301056K, 0% used [0x00000000e0000000,0x00000000e0000000,0x00000000f2600000)
  from space 29184K, 34% used [0x00000000f2600000,0x00000000f2fc7f28,0x00000000f4280000)
  to   space 50688K, 0% used [0x00000000f7a00000,0x00000000f7a00000,0x00000000fab80000)
 ParOldGen       total 131072K, used 129667K [0x00000000a0000000, 0x00000000a8000000, 0x00000000e0000000)
  object space 131072K, 98% used [0x00000000a0000000,0x00000000a7ea0d58,0x00000000a8000000)
 Metaspace       used 94790K, capacity 97512K, committed 99328K, reserved 1136640K
  class space    used 11821K, capacity 12396K, committed 12800K, reserved 1048576K
}
Event: 5409.778 GC heap before
{Heap before GC invocations=65 (full 8):
 PSYoungGen      total 330240K, used 311071K [0x00000000e0000000, 0x00000000fab80000, 0x0000000100000000)
  eden space 301056K, 100% used [0x00000000e0000000,0x00000000f2600000,0x00000000f2600000)
  from space 29184K, 34% used [0x00000000f2600000,0x00000000f2fc7f28,0x00000000f4280000)
  to   space 50688K, 0% used [0x00000000f7a00000,0x00000000f7a00000,0x00000000fab80000)
 ParOldGen       total 131072K, used 129667K [0x00000000a0000000, 0x00000000a8000000, 0x00000000e0000000)
  object space 131072K, 98% used [0x00000000a0000000,0x00000000a7ea0d58,0x00000000a8000000)
 Metaspace       used 97420K, capacity 100184K, committed 101888K, reserved 1138688K
  class space    used 12052K, capacity 12632K, committed 13056K, reserved 1048576K
Event: 5410.203 GC heap after
Heap after GC invocations=65 (full 8):
 PSYoungGen      total 330240K, used 0K [0x00000000e0000000, 0x00000000fab80000, 0x0000000100000000)
  eden space 301056K, 0% used [0x00000000e0000000,0x00000000e0000000,0x00000000f2600000)
  from space 29184K, 0% used [0x00000000f2600000,0x00000000f2600000,0x00000000f4280000)
  to   space 50688K, 0% used [0x00000000f7a00000,0x00000000f7a00000,0x00000000fab80000)
 ParOldGen       total 180224K, used 90687K [0x00000000a0000000, 0x00000000ab000000, 0x00000000e0000000)
  object space 180224K, 50% used [0x00000000a0000000,0x00000000a588ff20,0x00000000ab000000)
 Metaspace       used 97139K, capacity 99766K, committed 101888K, reserved 1138688K
  class space    used 12018K, capacity 12571K, committed 13056K, reserved 1048576K
}

