# JRE version: OpenJDK Runtime Environment (8.0_202-b03) (build 1.8.0_202-release-1483-b03)
# Java VM: OpenJDK 64-Bit Server VM (25.202-b03 mixed mode windows-amd64 compressed oops)
Heap:
 PSYoungGen      total 436736K, used 363184K [0x00000000e0000000, 0x0000000100000000, 0x0000000100000000)
  eden space 356352K, 88% used [0x00000000e0000000,0x00000000f3522900,0x00000000f5c00000)
  from space 80384K, 58% used [0x00000000f5c00000,0x00000000f89899d8,0x00000000faa80000)
  to   space 80384K, 0% used [0x00000000fb180000,0x00000000fb180000,0x0000000100000000)
 ParOldGen       total 343552K, used 220856K [0x00000000a0000000, 0x00000000b4f80000, 0x00000000e0000000)
  object space 343552K, 64% used [0x00000000a0000000,0x00000000ad7ae1e0,0x00000000b4f80000)
 Metaspace       used 94810K, capacity 99234K, committed 99456K, reserved 1136640K
  class space    used 12059K, capacity 12906K, committed 12928K, reserved 1048576K
GC Heap History (10 events):
Event: 1137.378 GC heap before
{Heap before GC invocations=33 (full 6):
 PSYoungGen      total 390656K, used 335872K [0x00000000e0000000, 0x0000000100000000, 0x0000000100000000)
  eden space 335872K, 100% used [0x00000000e0000000,0x00000000f4800000,0x00000000f4800000)
  from space 54784K, 0% used [0x00000000fbc00000,0x00000000fbc00000,0x00000000ff180000)
  to   space 94208K, 0% used [0x00000000f4800000,0x00000000f4800000,0x00000000fa400000)
 ParOldGen       total 343552K, used 191386K [0x00000000a0000000, 0x00000000b4f80000, 0x00000000e0000000)
  object space 343552K, 55% used [0x00000000a0000000,0x00000000abae6a90,0x00000000b4f80000)
 Metaspace       used 92858K, capacity 97130K, committed 97664K, reserved 1134592K
  class space    used 11894K, capacity 12728K, committed 12928K, reserved 1048576K
Event: 1137.432 GC heap after
Heap after GC invocations=33 (full 6):
 PSYoungGen      total 430080K, used 21830K [0x00000000e0000000, 0x0000000100000000, 0x0000000100000000)
  eden space 335872K, 0% used [0x00000000e0000000,0x00000000e0000000,0x00000000f4800000)
  from space 94208K, 23% used [0x00000000f4800000,0x00000000f5d51ad0,0x00000000fa400000)
  to   space 91136K, 0% used [0x00000000fa700000,0x00000000fa700000,0x0000000100000000)
 ParOldGen       total 343552K, used 191394K [0x00000000a0000000, 0x00000000b4f80000, 0x00000000e0000000)
  object space 343552K, 55% used [0x00000000a0000000,0x00000000abae8a90,0x00000000b4f80000)
 Metaspace       used 92858K, capacity 97130K, committed 97664K, reserved 1134592K
  class space    used 11894K, capacity 12728K, committed 12928K, reserved 1048576K
}
Event: 1141.034 GC heap before
{Heap before GC invocations=34 (full 6):
 PSYoungGen      total 430080K, used 357702K [0x00000000e0000000, 0x0000000100000000, 0x0000000100000000)
  eden space 335872K, 100% used [0x00000000e0000000,0x00000000f4800000,0x00000000f4800000)
  from space 94208K, 23% used [0x00000000f4800000,0x00000000f5d51ad0,0x00000000fa400000)
  to   space 91136K, 0% used [0x00000000fa700000,0x00000000fa700000,0x0000000100000000)
 ParOldGen       total 343552K, used 191394K [0x00000000a0000000, 0x00000000b4f80000, 0x00000000e0000000)
  object space 343552K, 55% used [0x00000000a0000000,0x00000000abae8a90,0x00000000b4f80000)
 Metaspace       used 93129K, capacity 97416K, committed 97920K, reserved 1134592K
  class space    used 11912K, capacity 12741K, committed 12928K, reserved 1048576K
Event: 1141.152 GC heap after
Heap after GC invocations=34 (full 6):
 PSYoungGen      total 416768K, used 30246K [0x00000000e0000000, 0x00000000ff300000, 0x0000000100000000)
  eden space 338944K, 0% used [0x00000000e0000000,0x00000000e0000000,0x00000000f4b00000)
  from space 77824K, 38% used [0x00000000fa700000,0x00000000fc4898c8,0x00000000ff300000)
  to   space 86016K, 0% used [0x00000000f4b00000,0x00000000f4b00000,0x00000000f9f00000)
 ParOldGen       total 343552K, used 191402K [0x00000000a0000000, 0x00000000b4f80000, 0x00000000e0000000)
  object space 343552K, 55% used [0x00000000a0000000,0x00000000abaeaa90,0x00000000b4f80000)
 Metaspace       used 93129K, capacity 97416K, committed 97920K, reserved 1134592K
  class space    used 11912K, capacity 12741K, committed 12928K, reserved 1048576K
}
Event: 1146.476 GC heap before
{Heap before GC invocations=35 (full 6):
 PSYoungGen      total 416768K, used 369190K [0x00000000e0000000, 0x00000000ff300000, 0x0000000100000000)
  eden space 338944K, 100% used [0x00000000e0000000,0x00000000f4b00000,0x00000000f4b00000)
  from space 77824K, 38% used [0x00000000fa700000,0x00000000fc4898c8,0x00000000ff300000)
  to   space 86016K, 0% used [0x00000000f4b00000,0x00000000f4b00000,0x00000000f9f00000)
 ParOldGen       total 343552K, used 191402K [0x00000000a0000000, 0x00000000b4f80000, 0x00000000e0000000)
  object space 343552K, 55% used [0x00000000a0000000,0x00000000abaeaa90,0x00000000b4f80000)
 Metaspace       used 93336K, capacity 97660K, committed 97920K, reserved 1134592K
  class space    used 11931K, capacity 12775K, committed 12928K, reserved 1048576K
Event: 1146.581 GC heap after
Heap after GC invocations=35 (full 6):
 PSYoungGen      total 424960K, used 36732K [0x00000000e0000000, 0x0000000100000000, 0x0000000100000000)
  eden space 338944K, 0% used [0x00000000e0000000,0x00000000e0000000,0x00000000f4b00000)
  from space 86016K, 42% used [0x00000000f4b00000,0x00000000f6edf378,0x00000000f9f00000)
  to   space 81920K, 0% used [0x00000000fb000000,0x00000000fb000000,0x0000000100000000)
 ParOldGen       total 343552K, used 191410K [0x00000000a0000000, 0x00000000b4f80000, 0x00000000e0000000)
  object space 343552K, 55% used [0x00000000a0000000,0x00000000abaeca90,0x00000000b4f80000)
 Metaspace       used 93336K, capacity 97660K, committed 97920K, reserved 1134592K
  class space    used 11931K, capacity 12775K, committed 12928K, reserved 1048576K
}
Event: 1154.780 GC heap before
{Heap before GC invocations=36 (full 6):
 PSYoungGen      total 424960K, used 371409K [0x00000000e0000000, 0x0000000100000000, 0x0000000100000000)
  eden space 338944K, 98% used [0x00000000e0000000,0x00000000f46d5380,0x00000000f4b00000)
  from space 86016K, 42% used [0x00000000f4b00000,0x00000000f6edf378,0x00000000f9f00000)
  to   space 81920K, 0% used [0x00000000fb000000,0x00000000fb000000,0x0000000100000000)
 ParOldGen       total 343552K, used 199602K [0x00000000a0000000, 0x00000000b4f80000, 0x00000000e0000000)
  object space 343552K, 58% used [0x00000000a0000000,0x00000000ac2ecaa0,0x00000000b4f80000)
 Metaspace       used 93434K, capacity 97780K, committed 98176K, reserved 1134592K
  class space    used 11946K, capacity 12787K, committed 12928K, reserved 1048576K
Event: 1154.818 GC heap after
Heap after GC invocations=36 (full 6):
 PSYoungGen      total 431104K, used 16656K [0x00000000e0000000, 0x00000000ff900000, 0x0000000100000000)
  eden space 356352K, 0% used [0x00000000e0000000,0x00000000e0000000,0x00000000f5c00000)
  from space 74752K, 22% used [0x00000000fb000000,0x00000000fc0441e0,0x00000000ff900000)
  to   space 80384K, 0% used [0x00000000f5c00000,0x00000000f5c00000,0x00000000faa80000)
 ParOldGen       total 343552K, used 208774K [0x00000000a0000000, 0x00000000b4f80000, 0x00000000e0000000)
  object space 343552K, 60% used [0x00000000a0000000,0x00000000acbe1840,0x00000000b4f80000)
 Metaspace       used 93434K, capacity 97780K, committed 98176K, reserved 1134592K
  class space    used 11946K, capacity 12787K, committed 12928K, reserved 1048576K
}
Event: 1191.190 GC heap before
{Heap before GC invocations=37 (full 6):
 PSYoungGen      total 431104K, used 373008K [0x00000000e0000000, 0x00000000ff900000, 0x0000000100000000)
  eden space 356352K, 100% used [0x00000000e0000000,0x00000000f5c00000,0x00000000f5c00000)
  from space 74752K, 22% used [0x00000000fb000000,0x00000000fc0441e0,0x00000000ff900000)
  to   space 80384K, 0% used [0x00000000f5c00000,0x00000000f5c00000,0x00000000faa80000)
 ParOldGen       total 343552K, used 219050K [0x00000000a0000000, 0x00000000b4f80000, 0x00000000e0000000)
  object space 343552K, 63% used [0x00000000a0000000,0x00000000ad5eaa58,0x00000000b4f80000)
 Metaspace       used 93614K, capacity 97952K, committed 98176K, reserved 1134592K
  class space    used 11951K, capacity 12793K, committed 12928K, reserved 1048576K
Event: 1191.226 GC heap after
Heap after GC invocations=37 (full 6):
 PSYoungGen      total 436736K, used 46630K [0x00000000e0000000, 0x0000000100000000, 0x0000000100000000)
  eden space 356352K, 0% used [0x00000000e0000000,0x00000000e0000000,0x00000000f5c00000)
  from space 80384K, 58% used [0x00000000f5c00000,0x00000000f89899d8,0x00000000faa80000)
  to   space 80384K, 0% used [0x00000000fb180000,0x00000000fb180000,0x0000000100000000)
 ParOldGen       total 343552K, used 220856K [0x00000000a0000000, 0x00000000b4f80000, 0x00000000e0000000)
  object space 343552K, 64% used [0x00000000a0000000,0x00000000ad7ae1e0,0x00000000b4f80000)
 Metaspace       used 93614K, capacity 97952K, committed 98176K, reserved 1134592K
  class space    used 11951K, capacity 12793K, committed 12928K, reserved 1048576K
}

