# JRE version: OpenJDK Runtime Environment (8.0_202-b03) (build 1.8.0_202-release-1483-b03)
# Java VM: OpenJDK 64-Bit Server VM (25.202-b03 mixed mode windows-amd64 compressed oops)
Heap:
 PSYoungGen      total 86016K, used 43398K [0x00000000e0000000, 0x00000000e6c80000, 0x0000000100000000)
  eden space 72192K, 41% used [0x00000000e0000000,0x00000000e1d4ef58,0x00000000e4680000)
  from space 13824K, 96% used [0x00000000e4880000,0x00000000e5592af0,0x00000000e5600000)
  to   space 19456K, 0% used [0x00000000e5980000,0x00000000e5980000,0x00000000e6c80000)
 ParOldGen       total 93184K, used 53135K [0x00000000a0000000, 0x00000000a5b00000, 0x00000000e0000000)
  object space 93184K, 57% used [0x00000000a0000000,0x00000000a33e3e30,0x00000000a5b00000)
 Metaspace       used 73915K, capacity 76884K, committed 77056K, reserved 1116160K
  class space    used 9554K, capacity 10194K, committed 10240K, reserved 1048576K
GC Heap History (10 events):
Event: 116.344 GC heap before
{Heap before GC invocations=34 (full 3):
 PSYoungGen      total 84480K, used 81664K [0x00000000e0000000, 0x00000000e6300000, 0x0000000100000000)
  eden space 70144K, 100% used [0x00000000e0000000,0x00000000e4480000,0x00000000e4480000)
  from space 14336K, 80% used [0x00000000e5380000,0x00000000e5ec0000,0x00000000e6180000)
  to   space 15360K, 0% used [0x00000000e4480000,0x00000000e4480000,0x00000000e5380000)
 ParOldGen       total 93184K, used 35444K [0x00000000a0000000, 0x00000000a5b00000, 0x00000000e0000000)
  object space 93184K, 38% used [0x00000000a0000000,0x00000000a229d228,0x00000000a5b00000)
 Metaspace       used 64473K, capacity 66972K, committed 67200K, reserved 1107968K
  class space    used 8743K, capacity 9283K, committed 9344K, reserved 1048576K
Event: 116.368 GC heap after
Heap after GC invocations=34 (full 3):
 PSYoungGen      total 85504K, used 15344K [0x00000000e0000000, 0x00000000e6f00000, 0x0000000100000000)
  eden space 70144K, 0% used [0x00000000e0000000,0x00000000e0000000,0x00000000e4480000)
  from space 15360K, 99% used [0x00000000e4480000,0x00000000e537c010,0x00000000e5380000)
  to   space 17408K, 0% used [0x00000000e5e00000,0x00000000e5e00000,0x00000000e6f00000)
 ParOldGen       total 93184K, used 36019K [0x00000000a0000000, 0x00000000a5b00000, 0x00000000e0000000)
  object space 93184K, 38% used [0x00000000a0000000,0x00000000a232cdb0,0x00000000a5b00000)
 Metaspace       used 64473K, capacity 66972K, committed 67200K, reserved 1107968K
  class space    used 8743K, capacity 9283K, committed 9344K, reserved 1048576K
}
Event: 125.853 GC heap before
{Heap before GC invocations=35 (full 3):
 PSYoungGen      total 85504K, used 85488K [0x00000000e0000000, 0x00000000e6f00000, 0x0000000100000000)
  eden space 70144K, 100% used [0x00000000e0000000,0x00000000e4480000,0x00000000e4480000)
  from space 15360K, 99% used [0x00000000e4480000,0x00000000e537c010,0x00000000e5380000)
  to   space 17408K, 0% used [0x00000000e5e00000,0x00000000e5e00000,0x00000000e6f00000)
 ParOldGen       total 93184K, used 36019K [0x00000000a0000000, 0x00000000a5b00000, 0x00000000e0000000)
  object space 93184K, 38% used [0x00000000a0000000,0x00000000a232cdb0,0x00000000a5b00000)
 Metaspace       used 66479K, capacity 69088K, committed 69248K, reserved 1110016K
  class space    used 8972K, capacity 9539K, committed 9600K, reserved 1048576K
Event: 125.895 GC heap after
Heap after GC invocations=35 (full 3):
 PSYoungGen      total 95232K, used 10150K [0x00000000e0000000, 0x00000000e6e80000, 0x0000000100000000)
  eden space 78336K, 0% used [0x00000000e0000000,0x00000000e0000000,0x00000000e4c80000)
  from space 16896K, 60% used [0x00000000e5e00000,0x00000000e67e9b70,0x00000000e6e80000)
  to   space 17408K, 0% used [0x00000000e4c80000,0x00000000e4c80000,0x00000000e5d80000)
 ParOldGen       total 93184K, used 44295K [0x00000000a0000000, 0x00000000a5b00000, 0x00000000e0000000)
  object space 93184K, 47% used [0x00000000a0000000,0x00000000a2b41e70,0x00000000a5b00000)
 Metaspace       used 66479K, capacity 69088K, committed 69248K, reserved 1110016K
  class space    used 8972K, capacity 9539K, committed 9600K, reserved 1048576K
}
Event: 1310.484 GC heap before
{Heap before GC invocations=36 (full 3):
 PSYoungGen      total 95232K, used 88486K [0x00000000e0000000, 0x00000000e6e80000, 0x0000000100000000)
  eden space 78336K, 100% used [0x00000000e0000000,0x00000000e4c80000,0x00000000e4c80000)
  from space 16896K, 60% used [0x00000000e5e00000,0x00000000e67e9b70,0x00000000e6e80000)
  to   space 17408K, 0% used [0x00000000e4c80000,0x00000000e4c80000,0x00000000e5d80000)
 ParOldGen       total 93184K, used 44295K [0x00000000a0000000, 0x00000000a5b00000, 0x00000000e0000000)
  object space 93184K, 47% used [0x00000000a0000000,0x00000000a2b41e70,0x00000000a5b00000)
 Metaspace       used 72584K, capacity 75576K, committed 75648K, reserved 1114112K
  class space    used 9464K, capacity 10080K, committed 10112K, reserved 1048576K
Event: 1310.635 GC heap after
Heap after GC invocations=36 (full 3):
 PSYoungGen      total 93696K, used 17376K [0x00000000e0000000, 0x00000000e7180000, 0x0000000100000000)
  eden space 76288K, 0% used [0x00000000e0000000,0x00000000e0000000,0x00000000e4a80000)
  from space 17408K, 99% used [0x00000000e4c80000,0x00000000e5d78340,0x00000000e5d80000)
  to   space 19968K, 0% used [0x00000000e5e00000,0x00000000e5e00000,0x00000000e7180000)
 ParOldGen       total 93184K, used 44530K [0x00000000a0000000, 0x00000000a5b00000, 0x00000000e0000000)
  object space 93184K, 47% used [0x00000000a0000000,0x00000000a2b7c868,0x00000000a5b00000)
 Metaspace       used 72584K, capacity 75576K, committed 75648K, reserved 1114112K
  class space    used 9464K, capacity 10080K, committed 10112K, reserved 1048576K
}
Event: 1327.977 GC heap before
{Heap before GC invocations=37 (full 3):
 PSYoungGen      total 93696K, used 93664K [0x00000000e0000000, 0x00000000e7180000, 0x0000000100000000)
  eden space 76288K, 100% used [0x00000000e0000000,0x00000000e4a80000,0x00000000e4a80000)
  from space 17408K, 99% used [0x00000000e4c80000,0x00000000e5d78340,0x00000000e5d80000)
  to   space 19968K, 0% used [0x00000000e5e00000,0x00000000e5e00000,0x00000000e7180000)
 ParOldGen       total 93184K, used 44530K [0x00000000a0000000, 0x00000000a5b00000, 0x00000000e0000000)
  object space 93184K, 47% used [0x00000000a0000000,0x00000000a2b7c868,0x00000000a5b00000)
 Metaspace       used 72796K, capacity 75772K, committed 75904K, reserved 1116160K
  class space    used 9468K, capacity 10088K, committed 10112K, reserved 1048576K
Event: 1328.015 GC heap after
Heap after GC invocations=37 (full 3):
 PSYoungGen      total 90112K, used 8328K [0x00000000e0000000, 0x00000000e6d80000, 0x0000000100000000)
  eden space 74240K, 0% used [0x00000000e0000000,0x00000000e0000000,0x00000000e4880000)
  from space 15872K, 52% used [0x00000000e5e00000,0x00000000e66220e0,0x00000000e6d80000)
  to   space 18944K, 0% used [0x00000000e4880000,0x00000000e4880000,0x00000000e5b00000)
 ParOldGen       total 93184K, used 53127K [0x00000000a0000000, 0x00000000a5b00000, 0x00000000e0000000)
  object space 93184K, 57% used [0x00000000a0000000,0x00000000a33e1e30,0x00000000a5b00000)
 Metaspace       used 72796K, capacity 75772K, committed 75904K, reserved 1116160K
  class space    used 9468K, capacity 10088K, committed 10112K, reserved 1048576K
}
Event: 1334.193 GC heap before
{Heap before GC invocations=38 (full 3):
 PSYoungGen      total 90112K, used 82568K [0x00000000e0000000, 0x00000000e6d80000, 0x0000000100000000)
  eden space 74240K, 100% used [0x00000000e0000000,0x00000000e4880000,0x00000000e4880000)
  from space 15872K, 52% used [0x00000000e5e00000,0x00000000e66220e0,0x00000000e6d80000)
  to   space 18944K, 0% used [0x00000000e4880000,0x00000000e4880000,0x00000000e5b00000)
 ParOldGen       total 93184K, used 53127K [0x00000000a0000000, 0x00000000a5b00000, 0x00000000e0000000)
  object space 93184K, 57% used [0x00000000a0000000,0x00000000a33e1e30,0x00000000a5b00000)
 Metaspace       used 73826K, capacity 76816K, committed 77056K, reserved 1116160K
  class space    used 9545K, capacity 10156K, committed 10240K, reserved 1048576K
Event: 1334.246 GC heap after
Heap after GC invocations=38 (full 3):
 PSYoungGen      total 86016K, used 13386K [0x00000000e0000000, 0x00000000e6c80000, 0x0000000100000000)
  eden space 72192K, 0% used [0x00000000e0000000,0x00000000e0000000,0x00000000e4680000)
  from space 13824K, 96% used [0x00000000e4880000,0x00000000e5592af0,0x00000000e5600000)
  to   space 19456K, 0% used [0x00000000e5980000,0x00000000e5980000,0x00000000e6c80000)
 ParOldGen       total 93184K, used 53135K [0x00000000a0000000, 0x00000000a5b00000, 0x00000000e0000000)
  object space 93184K, 57% used [0x00000000a0000000,0x00000000a33e3e30,0x00000000a5b00000)
 Metaspace       used 73826K, capacity 76816K, committed 77056K, reserved 1116160K
  class space    used 9545K, capacity 10156K, committed 10240K, reserved 1048576K
}

